The system is: Linux - 5.16.19-76051619-generic - x86_64
Compiling the C compiler identification source file "CMakeCCompilerId.c" succeeded.
Compiler: /usr/bin/cc 
Build flags: 
Id flags:  

The output was:
0


Compilation of the C compiler identification source "CMakeCCompilerId.c" produced "a.out"

The C compiler identification is GNU, found in "/home/pristu/Documents/School/Gill/rts-research/cyclonedds/cmake-build-debug/CMakeFiles/3.21.1/CompilerIdC/a.out"

Detecting C compiler ABI info compiled with the following output:
Change Dir: /home/pristu/Documents/School/Gill/rts-research/cyclonedds/cmake-build-debug/CMakeFiles/CMakeTmp

Run Build Command(s):/usr/bin/gmake -f Makefile cmTC_f2b6e/fast && /usr/bin/gmake  -f CMakeFiles/cmTC_f2b6e.dir/build.make CMakeFiles/cmTC_f2b6e.dir/build
gmake[1]: Entering directory '/home/pristu/Documents/School/Gill/rts-research/cyclonedds/cmake-build-debug/CMakeFiles/CMakeTmp'
Building C object CMakeFiles/cmTC_f2b6e.dir/CMakeCCompilerABI.c.o
/usr/bin/cc   -v -o CMakeFiles/cmTC_f2b6e.dir/CMakeCCompilerABI.c.o -c /home/pristu/.local/share/JetBrains/Toolbox/apps/CLion/ch-0/213.6461.75/bin/cmake/linux/share/cmake-3.21/Modules/CMakeCCompilerABI.c
Using built-in specs.
COLLECT_GCC=/usr/bin/cc
OFFLOAD_TARGET_NAMES=nvptx-none:amdgcn-amdhsa
OFFLOAD_TARGET_DEFAULT=1
Target: x86_64-linux-gnu
Configured with: ../src/configure -v --with-pkgversion='Ubuntu 11.2.0-7ubuntu2' --with-bugurl=file:///usr/share/doc/gcc-11/README.Bugs --enable-languages=c,ada,c++,go,brig,d,fortran,objc,obj-c++,m2 --prefix=/usr --with-gcc-major-version-only --program-suffix=-11 --program-prefix=x86_64-linux-gnu- --enable-shared --enable-linker-build-id --libexecdir=/usr/lib --without-included-gettext --enable-threads=posix --libdir=/usr/lib --enable-nls --enable-bootstrap --enable-clocale=gnu --enable-libstdcxx-debug --enable-libstdcxx-time=yes --with-default-libstdcxx-abi=new --enable-gnu-unique-object --disable-vtable-verify --enable-plugin --enable-default-pie --with-system-zlib --enable-libphobos-checking=release --with-target-system-zlib=auto --enable-objc-gc=auto --enable-multiarch --disable-werror --enable-cet --with-arch-32=i686 --with-abi=m64 --with-multilib-list=m32,m64,mx32 --enable-multilib --with-tune=generic --enable-offload-targets=nvptx-none=/build/gcc-11-ZPT0kp/gcc-11-11.2.0/debian/tmp-nvptx/usr,amdgcn-amdhsa=/build/gcc-11-ZPT0kp/gcc-11-11.2.0/debian/tmp-gcn/usr --without-cuda-driver --enable-checking=release --build=x86_64-linux-gnu --host=x86_64-linux-gnu --target=x86_64-linux-gnu --with-build-config=bootstrap-lto-lean --enable-link-serialization=2
Thread model: posix
Supported LTO compression algorithms: zlib zstd
gcc version 11.2.0 (Ubuntu 11.2.0-7ubuntu2) 
COLLECT_GCC_OPTIONS='-v' '-o' 'CMakeFiles/cmTC_f2b6e.dir/CMakeCCompilerABI.c.o' '-c' '-mtune=generic' '-march=x86-64' '-dumpdir' 'CMakeFiles/cmTC_f2b6e.dir/'
 /usr/lib/gcc/x86_64-linux-gnu/11/cc1 -quiet -v -imultiarch x86_64-linux-gnu /home/pristu/.local/share/JetBrains/Toolbox/apps/CLion/ch-0/213.6461.75/bin/cmake/linux/share/cmake-3.21/Modules/CMakeCCompilerABI.c -quiet -dumpdir CMakeFiles/cmTC_f2b6e.dir/ -dumpbase CMakeCCompilerABI.c.c -dumpbase-ext .c -mtune=generic -march=x86-64 -version -fasynchronous-unwind-tables -fstack-protector-strong -Wformat -Wformat-security -fstack-clash-protection -fcf-protection -o /tmp/ccvmpbcX.s
GNU C17 (Ubuntu 11.2.0-7ubuntu2) version 11.2.0 (x86_64-linux-gnu)
	compiled by GNU C version 11.2.0, GMP version 6.2.1, MPFR version 4.1.0, MPC version 1.2.0, isl version isl-0.24-GMP

GGC heuristics: --param ggc-min-expand=100 --param ggc-min-heapsize=131072
ignoring nonexistent directory "/usr/local/include/x86_64-linux-gnu"
ignoring nonexistent directory "/usr/lib/gcc/x86_64-linux-gnu/11/include-fixed"
ignoring nonexistent directory "/usr/lib/gcc/x86_64-linux-gnu/11/../../../../x86_64-linux-gnu/include"
#include "..." search starts here:
#include <...> search starts here:
 /usr/lib/gcc/x86_64-linux-gnu/11/include
 /usr/local/include
 /usr/include/x86_64-linux-gnu
 /usr/include
End of search list.
GNU C17 (Ubuntu 11.2.0-7ubuntu2) version 11.2.0 (x86_64-linux-gnu)
	compiled by GNU C version 11.2.0, GMP version 6.2.1, MPFR version 4.1.0, MPC version 1.2.0, isl version isl-0.24-GMP

GGC heuristics: --param ggc-min-expand=100 --param ggc-min-heapsize=131072
Compiler executable checksum: f3dd7923bcb266d3f9d710c81aeb9218
COLLECT_GCC_OPTIONS='-v' '-o' 'CMakeFiles/cmTC_f2b6e.dir/CMakeCCompilerABI.c.o' '-c' '-mtune=generic' '-march=x86-64' '-dumpdir' 'CMakeFiles/cmTC_f2b6e.dir/'
 as -v --64 -o CMakeFiles/cmTC_f2b6e.dir/CMakeCCompilerABI.c.o /tmp/ccvmpbcX.s
GNU assembler version 2.37 (x86_64-linux-gnu) using BFD version (GNU Binutils for Ubuntu) 2.37
COMPILER_PATH=/usr/lib/gcc/x86_64-linux-gnu/11/:/usr/lib/gcc/x86_64-linux-gnu/11/:/usr/lib/gcc/x86_64-linux-gnu/:/usr/lib/gcc/x86_64-linux-gnu/11/:/usr/lib/gcc/x86_64-linux-gnu/
LIBRARY_PATH=/usr/lib/gcc/x86_64-linux-gnu/11/:/usr/lib/gcc/x86_64-linux-gnu/11/../../../x86_64-linux-gnu/:/usr/lib/gcc/x86_64-linux-gnu/11/../../../../lib/:/lib/x86_64-linux-gnu/:/lib/../lib/:/usr/lib/x86_64-linux-gnu/:/usr/lib/../lib/:/usr/lib/gcc/x86_64-linux-gnu/11/../../../:/lib/:/usr/lib/
COLLECT_GCC_OPTIONS='-v' '-o' 'CMakeFiles/cmTC_f2b6e.dir/CMakeCCompilerABI.c.o' '-c' '-mtune=generic' '-march=x86-64' '-dumpdir' 'CMakeFiles/cmTC_f2b6e.dir/CMakeCCompilerABI.c.'
Linking C executable cmTC_f2b6e
/home/pristu/.local/share/JetBrains/Toolbox/apps/CLion/ch-0/213.6461.75/bin/cmake/linux/bin/cmake -E cmake_link_script CMakeFiles/cmTC_f2b6e.dir/link.txt --verbose=1
/usr/bin/cc  -v CMakeFiles/cmTC_f2b6e.dir/CMakeCCompilerABI.c.o -o cmTC_f2b6e 
Using built-in specs.
COLLECT_GCC=/usr/bin/cc
COLLECT_LTO_WRAPPER=/usr/lib/gcc/x86_64-linux-gnu/11/lto-wrapper
OFFLOAD_TARGET_NAMES=nvptx-none:amdgcn-amdhsa
OFFLOAD_TARGET_DEFAULT=1
Target: x86_64-linux-gnu
Configured with: ../src/configure -v --with-pkgversion='Ubuntu 11.2.0-7ubuntu2' --with-bugurl=file:///usr/share/doc/gcc-11/README.Bugs --enable-languages=c,ada,c++,go,brig,d,fortran,objc,obj-c++,m2 --prefix=/usr --with-gcc-major-version-only --program-suffix=-11 --program-prefix=x86_64-linux-gnu- --enable-shared --enable-linker-build-id --libexecdir=/usr/lib --without-included-gettext --enable-threads=posix --libdir=/usr/lib --enable-nls --enable-bootstrap --enable-clocale=gnu --enable-libstdcxx-debug --enable-libstdcxx-time=yes --with-default-libstdcxx-abi=new --enable-gnu-unique-object --disable-vtable-verify --enable-plugin --enable-default-pie --with-system-zlib --enable-libphobos-checking=release --with-target-system-zlib=auto --enable-objc-gc=auto --enable-multiarch --disable-werror --enable-cet --with-arch-32=i686 --with-abi=m64 --with-multilib-list=m32,m64,mx32 --enable-multilib --with-tune=generic --enable-offload-targets=nvptx-none=/build/gcc-11-ZPT0kp/gcc-11-11.2.0/debian/tmp-nvptx/usr,amdgcn-amdhsa=/build/gcc-11-ZPT0kp/gcc-11-11.2.0/debian/tmp-gcn/usr --without-cuda-driver --enable-checking=release --build=x86_64-linux-gnu --host=x86_64-linux-gnu --target=x86_64-linux-gnu --with-build-config=bootstrap-lto-lean --enable-link-serialization=2
Thread model: posix
Supported LTO compression algorithms: zlib zstd
gcc version 11.2.0 (Ubuntu 11.2.0-7ubuntu2) 
COMPILER_PATH=/usr/lib/gcc/x86_64-linux-gnu/11/:/usr/lib/gcc/x86_64-linux-gnu/11/:/usr/lib/gcc/x86_64-linux-gnu/:/usr/lib/gcc/x86_64-linux-gnu/11/:/usr/lib/gcc/x86_64-linux-gnu/
LIBRARY_PATH=/usr/lib/gcc/x86_64-linux-gnu/11/:/usr/lib/gcc/x86_64-linux-gnu/11/../../../x86_64-linux-gnu/:/usr/lib/gcc/x86_64-linux-gnu/11/../../../../lib/:/lib/x86_64-linux-gnu/:/lib/../lib/:/usr/lib/x86_64-linux-gnu/:/usr/lib/../lib/:/usr/lib/gcc/x86_64-linux-gnu/11/../../../:/lib/:/usr/lib/
COLLECT_GCC_OPTIONS='-v' '-o' 'cmTC_f2b6e' '-mtune=generic' '-march=x86-64' '-dumpdir' 'cmTC_f2b6e.'
 /usr/lib/gcc/x86_64-linux-gnu/11/collect2 -plugin /usr/lib/gcc/x86_64-linux-gnu/11/liblto_plugin.so -plugin-opt=/usr/lib/gcc/x86_64-linux-gnu/11/lto-wrapper -plugin-opt=-fresolution=/tmp/ccsejMmq.res -plugin-opt=-pass-through=-lgcc -plugin-opt=-pass-through=-lgcc_s -plugin-opt=-pass-through=-lc -plugin-opt=-pass-through=-lgcc -plugin-opt=-pass-through=-lgcc_s --build-id --eh-frame-hdr -m elf_x86_64 --hash-style=gnu --as-needed -dynamic-linker /lib64/ld-linux-x86-64.so.2 -pie -z now -z relro -o cmTC_f2b6e /usr/lib/gcc/x86_64-linux-gnu/11/../../../x86_64-linux-gnu/Scrt1.o /usr/lib/gcc/x86_64-linux-gnu/11/../../../x86_64-linux-gnu/crti.o /usr/lib/gcc/x86_64-linux-gnu/11/crtbeginS.o -L/usr/lib/gcc/x86_64-linux-gnu/11 -L/usr/lib/gcc/x86_64-linux-gnu/11/../../../x86_64-linux-gnu -L/usr/lib/gcc/x86_64-linux-gnu/11/../../../../lib -L/lib/x86_64-linux-gnu -L/lib/../lib -L/usr/lib/x86_64-linux-gnu -L/usr/lib/../lib -L/usr/lib/gcc/x86_64-linux-gnu/11/../../.. CMakeFiles/cmTC_f2b6e.dir/CMakeCCompilerABI.c.o -lgcc --push-state --as-needed -lgcc_s --pop-state -lc -lgcc --push-state --as-needed -lgcc_s --pop-state /usr/lib/gcc/x86_64-linux-gnu/11/crtendS.o /usr/lib/gcc/x86_64-linux-gnu/11/../../../x86_64-linux-gnu/crtn.o
COLLECT_GCC_OPTIONS='-v' '-o' 'cmTC_f2b6e' '-mtune=generic' '-march=x86-64' '-dumpdir' 'cmTC_f2b6e.'
gmake[1]: Leaving directory '/home/pristu/Documents/School/Gill/rts-research/cyclonedds/cmake-build-debug/CMakeFiles/CMakeTmp'



Parsed C implicit include dir info from above output: rv=done
  found start of include info
  found start of implicit include info
    add: [/usr/lib/gcc/x86_64-linux-gnu/11/include]
    add: [/usr/local/include]
    add: [/usr/include/x86_64-linux-gnu]
    add: [/usr/include]
  end of search list found
  collapse include dir [/usr/lib/gcc/x86_64-linux-gnu/11/include] ==> [/usr/lib/gcc/x86_64-linux-gnu/11/include]
  collapse include dir [/usr/local/include] ==> [/usr/local/include]
  collapse include dir [/usr/include/x86_64-linux-gnu] ==> [/usr/include/x86_64-linux-gnu]
  collapse include dir [/usr/include] ==> [/usr/include]
  implicit include dirs: [/usr/lib/gcc/x86_64-linux-gnu/11/include;/usr/local/include;/usr/include/x86_64-linux-gnu;/usr/include]


Parsed C implicit link information from above output:
  link line regex: [^( *|.*[/\])(ld|CMAKE_LINK_STARTFILE-NOTFOUND|([^/\]+-)?ld|collect2)[^/\]*( |$)]
  ignore line: [Change Dir: /home/pristu/Documents/School/Gill/rts-research/cyclonedds/cmake-build-debug/CMakeFiles/CMakeTmp]
  ignore line: []
  ignore line: [Run Build Command(s):/usr/bin/gmake -f Makefile cmTC_f2b6e/fast && /usr/bin/gmake  -f CMakeFiles/cmTC_f2b6e.dir/build.make CMakeFiles/cmTC_f2b6e.dir/build]
  ignore line: [gmake[1]: Entering directory '/home/pristu/Documents/School/Gill/rts-research/cyclonedds/cmake-build-debug/CMakeFiles/CMakeTmp']
  ignore line: [Building C object CMakeFiles/cmTC_f2b6e.dir/CMakeCCompilerABI.c.o]
  ignore line: [/usr/bin/cc   -v -o CMakeFiles/cmTC_f2b6e.dir/CMakeCCompilerABI.c.o -c /home/pristu/.local/share/JetBrains/Toolbox/apps/CLion/ch-0/213.6461.75/bin/cmake/linux/share/cmake-3.21/Modules/CMakeCCompilerABI.c]
  ignore line: [Using built-in specs.]
  ignore line: [COLLECT_GCC=/usr/bin/cc]
  ignore line: [OFFLOAD_TARGET_NAMES=nvptx-none:amdgcn-amdhsa]
  ignore line: [OFFLOAD_TARGET_DEFAULT=1]
  ignore line: [Target: x86_64-linux-gnu]
  ignore line: [Configured with: ../src/configure -v --with-pkgversion='Ubuntu 11.2.0-7ubuntu2' --with-bugurl=file:///usr/share/doc/gcc-11/README.Bugs --enable-languages=c ada c++ go brig d fortran objc obj-c++ m2 --prefix=/usr --with-gcc-major-version-only --program-suffix=-11 --program-prefix=x86_64-linux-gnu- --enable-shared --enable-linker-build-id --libexecdir=/usr/lib --without-included-gettext --enable-threads=posix --libdir=/usr/lib --enable-nls --enable-bootstrap --enable-clocale=gnu --enable-libstdcxx-debug --enable-libstdcxx-time=yes --with-default-libstdcxx-abi=new --enable-gnu-unique-object --disable-vtable-verify --enable-plugin --enable-default-pie --with-system-zlib --enable-libphobos-checking=release --with-target-system-zlib=auto --enable-objc-gc=auto --enable-multiarch --disable-werror --enable-cet --with-arch-32=i686 --with-abi=m64 --with-multilib-list=m32 m64 mx32 --enable-multilib --with-tune=generic --enable-offload-targets=nvptx-none=/build/gcc-11-ZPT0kp/gcc-11-11.2.0/debian/tmp-nvptx/usr amdgcn-amdhsa=/build/gcc-11-ZPT0kp/gcc-11-11.2.0/debian/tmp-gcn/usr --without-cuda-driver --enable-checking=release --build=x86_64-linux-gnu --host=x86_64-linux-gnu --target=x86_64-linux-gnu --with-build-config=bootstrap-lto-lean --enable-link-serialization=2]
  ignore line: [Thread model: posix]
  ignore line: [Supported LTO compression algorithms: zlib zstd]
  ignore line: [gcc version 11.2.0 (Ubuntu 11.2.0-7ubuntu2) ]
  ignore line: [COLLECT_GCC_OPTIONS='-v' '-o' 'CMakeFiles/cmTC_f2b6e.dir/CMakeCCompilerABI.c.o' '-c' '-mtune=generic' '-march=x86-64' '-dumpdir' 'CMakeFiles/cmTC_f2b6e.dir/']
  ignore line: [ /usr/lib/gcc/x86_64-linux-gnu/11/cc1 -quiet -v -imultiarch x86_64-linux-gnu /home/pristu/.local/share/JetBrains/Toolbox/apps/CLion/ch-0/213.6461.75/bin/cmake/linux/share/cmake-3.21/Modules/CMakeCCompilerABI.c -quiet -dumpdir CMakeFiles/cmTC_f2b6e.dir/ -dumpbase CMakeCCompilerABI.c.c -dumpbase-ext .c -mtune=generic -march=x86-64 -version -fasynchronous-unwind-tables -fstack-protector-strong -Wformat -Wformat-security -fstack-clash-protection -fcf-protection -o /tmp/ccvmpbcX.s]
  ignore line: [GNU C17 (Ubuntu 11.2.0-7ubuntu2) version 11.2.0 (x86_64-linux-gnu)]
  ignore line: [	compiled by GNU C version 11.2.0  GMP version 6.2.1  MPFR version 4.1.0  MPC version 1.2.0  isl version isl-0.24-GMP]
  ignore line: []
  ignore line: [GGC heuristics: --param ggc-min-expand=100 --param ggc-min-heapsize=131072]
  ignore line: [ignoring nonexistent directory "/usr/local/include/x86_64-linux-gnu"]
  ignore line: [ignoring nonexistent directory "/usr/lib/gcc/x86_64-linux-gnu/11/include-fixed"]
  ignore line: [ignoring nonexistent directory "/usr/lib/gcc/x86_64-linux-gnu/11/../../../../x86_64-linux-gnu/include"]
  ignore line: [#include "..." search starts here:]
  ignore line: [#include <...> search starts here:]
  ignore line: [ /usr/lib/gcc/x86_64-linux-gnu/11/include]
  ignore line: [ /usr/local/include]
  ignore line: [ /usr/include/x86_64-linux-gnu]
  ignore line: [ /usr/include]
  ignore line: [End of search list.]
  ignore line: [GNU C17 (Ubuntu 11.2.0-7ubuntu2) version 11.2.0 (x86_64-linux-gnu)]
  ignore line: [	compiled by GNU C version 11.2.0  GMP version 6.2.1  MPFR version 4.1.0  MPC version 1.2.0  isl version isl-0.24-GMP]
  ignore line: []
  ignore line: [GGC heuristics: --param ggc-min-expand=100 --param ggc-min-heapsize=131072]
  ignore line: [Compiler executable checksum: f3dd7923bcb266d3f9d710c81aeb9218]
  ignore line: [COLLECT_GCC_OPTIONS='-v' '-o' 'CMakeFiles/cmTC_f2b6e.dir/CMakeCCompilerABI.c.o' '-c' '-mtune=generic' '-march=x86-64' '-dumpdir' 'CMakeFiles/cmTC_f2b6e.dir/']
  ignore line: [ as -v --64 -o CMakeFiles/cmTC_f2b6e.dir/CMakeCCompilerABI.c.o /tmp/ccvmpbcX.s]
  ignore line: [GNU assembler version 2.37 (x86_64-linux-gnu) using BFD version (GNU Binutils for Ubuntu) 2.37]
  ignore line: [COMPILER_PATH=/usr/lib/gcc/x86_64-linux-gnu/11/:/usr/lib/gcc/x86_64-linux-gnu/11/:/usr/lib/gcc/x86_64-linux-gnu/:/usr/lib/gcc/x86_64-linux-gnu/11/:/usr/lib/gcc/x86_64-linux-gnu/]
  ignore line: [LIBRARY_PATH=/usr/lib/gcc/x86_64-linux-gnu/11/:/usr/lib/gcc/x86_64-linux-gnu/11/../../../x86_64-linux-gnu/:/usr/lib/gcc/x86_64-linux-gnu/11/../../../../lib/:/lib/x86_64-linux-gnu/:/lib/../lib/:/usr/lib/x86_64-linux-gnu/:/usr/lib/../lib/:/usr/lib/gcc/x86_64-linux-gnu/11/../../../:/lib/:/usr/lib/]
  ignore line: [COLLECT_GCC_OPTIONS='-v' '-o' 'CMakeFiles/cmTC_f2b6e.dir/CMakeCCompilerABI.c.o' '-c' '-mtune=generic' '-march=x86-64' '-dumpdir' 'CMakeFiles/cmTC_f2b6e.dir/CMakeCCompilerABI.c.']
  ignore line: [Linking C executable cmTC_f2b6e]
  ignore line: [/home/pristu/.local/share/JetBrains/Toolbox/apps/CLion/ch-0/213.6461.75/bin/cmake/linux/bin/cmake -E cmake_link_script CMakeFiles/cmTC_f2b6e.dir/link.txt --verbose=1]
  ignore line: [/usr/bin/cc  -v CMakeFiles/cmTC_f2b6e.dir/CMakeCCompilerABI.c.o -o cmTC_f2b6e ]
  ignore line: [Using built-in specs.]
  ignore line: [COLLECT_GCC=/usr/bin/cc]
  ignore line: [COLLECT_LTO_WRAPPER=/usr/lib/gcc/x86_64-linux-gnu/11/lto-wrapper]
  ignore line: [OFFLOAD_TARGET_NAMES=nvptx-none:amdgcn-amdhsa]
  ignore line: [OFFLOAD_TARGET_DEFAULT=1]
  ignore line: [Target: x86_64-linux-gnu]
  ignore line: [Configured with: ../src/configure -v --with-pkgversion='Ubuntu 11.2.0-7ubuntu2' --with-bugurl=file:///usr/share/doc/gcc-11/README.Bugs --enable-languages=c ada c++ go brig d fortran objc obj-c++ m2 --prefix=/usr --with-gcc-major-version-only --program-suffix=-11 --program-prefix=x86_64-linux-gnu- --enable-shared --enable-linker-build-id --libexecdir=/usr/lib --without-included-gettext --enable-threads=posix --libdir=/usr/lib --enable-nls --enable-bootstrap --enable-clocale=gnu --enable-libstdcxx-debug --enable-libstdcxx-time=yes --with-default-libstdcxx-abi=new --enable-gnu-unique-object --disable-vtable-verify --enable-plugin --enable-default-pie --with-system-zlib --enable-libphobos-checking=release --with-target-system-zlib=auto --enable-objc-gc=auto --enable-multiarch --disable-werror --enable-cet --with-arch-32=i686 --with-abi=m64 --with-multilib-list=m32 m64 mx32 --enable-multilib --with-tune=generic --enable-offload-targets=nvptx-none=/build/gcc-11-ZPT0kp/gcc-11-11.2.0/debian/tmp-nvptx/usr amdgcn-amdhsa=/build/gcc-11-ZPT0kp/gcc-11-11.2.0/debian/tmp-gcn/usr --without-cuda-driver --enable-checking=release --build=x86_64-linux-gnu --host=x86_64-linux-gnu --target=x86_64-linux-gnu --with-build-config=bootstrap-lto-lean --enable-link-serialization=2]
  ignore line: [Thread model: posix]
  ignore line: [Supported LTO compression algorithms: zlib zstd]
  ignore line: [gcc version 11.2.0 (Ubuntu 11.2.0-7ubuntu2) ]
  ignore line: [COMPILER_PATH=/usr/lib/gcc/x86_64-linux-gnu/11/:/usr/lib/gcc/x86_64-linux-gnu/11/:/usr/lib/gcc/x86_64-linux-gnu/:/usr/lib/gcc/x86_64-linux-gnu/11/:/usr/lib/gcc/x86_64-linux-gnu/]
  ignore line: [LIBRARY_PATH=/usr/lib/gcc/x86_64-linux-gnu/11/:/usr/lib/gcc/x86_64-linux-gnu/11/../../../x86_64-linux-gnu/:/usr/lib/gcc/x86_64-linux-gnu/11/../../../../lib/:/lib/x86_64-linux-gnu/:/lib/../lib/:/usr/lib/x86_64-linux-gnu/:/usr/lib/../lib/:/usr/lib/gcc/x86_64-linux-gnu/11/../../../:/lib/:/usr/lib/]
  ignore line: [COLLECT_GCC_OPTIONS='-v' '-o' 'cmTC_f2b6e' '-mtune=generic' '-march=x86-64' '-dumpdir' 'cmTC_f2b6e.']
  link line: [ /usr/lib/gcc/x86_64-linux-gnu/11/collect2 -plugin /usr/lib/gcc/x86_64-linux-gnu/11/liblto_plugin.so -plugin-opt=/usr/lib/gcc/x86_64-linux-gnu/11/lto-wrapper -plugin-opt=-fresolution=/tmp/ccsejMmq.res -plugin-opt=-pass-through=-lgcc -plugin-opt=-pass-through=-lgcc_s -plugin-opt=-pass-through=-lc -plugin-opt=-pass-through=-lgcc -plugin-opt=-pass-through=-lgcc_s --build-id --eh-frame-hdr -m elf_x86_64 --hash-style=gnu --as-needed -dynamic-linker /lib64/ld-linux-x86-64.so.2 -pie -z now -z relro -o cmTC_f2b6e /usr/lib/gcc/x86_64-linux-gnu/11/../../../x86_64-linux-gnu/Scrt1.o /usr/lib/gcc/x86_64-linux-gnu/11/../../../x86_64-linux-gnu/crti.o /usr/lib/gcc/x86_64-linux-gnu/11/crtbeginS.o -L/usr/lib/gcc/x86_64-linux-gnu/11 -L/usr/lib/gcc/x86_64-linux-gnu/11/../../../x86_64-linux-gnu -L/usr/lib/gcc/x86_64-linux-gnu/11/../../../../lib -L/lib/x86_64-linux-gnu -L/lib/../lib -L/usr/lib/x86_64-linux-gnu -L/usr/lib/../lib -L/usr/lib/gcc/x86_64-linux-gnu/11/../../.. CMakeFiles/cmTC_f2b6e.dir/CMakeCCompilerABI.c.o -lgcc --push-state --as-needed -lgcc_s --pop-state -lc -lgcc --push-state --as-needed -lgcc_s --pop-state /usr/lib/gcc/x86_64-linux-gnu/11/crtendS.o /usr/lib/gcc/x86_64-linux-gnu/11/../../../x86_64-linux-gnu/crtn.o]
    arg [/usr/lib/gcc/x86_64-linux-gnu/11/collect2] ==> ignore
    arg [-plugin] ==> ignore
    arg [/usr/lib/gcc/x86_64-linux-gnu/11/liblto_plugin.so] ==> ignore
    arg [-plugin-opt=/usr/lib/gcc/x86_64-linux-gnu/11/lto-wrapper] ==> ignore
    arg [-plugin-opt=-fresolution=/tmp/ccsejMmq.res] ==> ignore
    arg [-plugin-opt=-pass-through=-lgcc] ==> ignore
    arg [-plugin-opt=-pass-through=-lgcc_s] ==> ignore
    arg [-plugin-opt=-pass-through=-lc] ==> ignore
    arg [-plugin-opt=-pass-through=-lgcc] ==> ignore
    arg [-plugin-opt=-pass-through=-lgcc_s] ==> ignore
    arg [--build-id] ==> ignore
    arg [--eh-frame-hdr] ==> ignore
    arg [-m] ==> ignore
    arg [elf_x86_64] ==> ignore
    arg [--hash-style=gnu] ==> ignore
    arg [--as-needed] ==> ignore
    arg [-dynamic-linker] ==> ignore
    arg [/lib64/ld-linux-x86-64.so.2] ==> ignore
    arg [-pie] ==> ignore
    arg [-znow] ==> ignore
    arg [-zrelro] ==> ignore
    arg [-o] ==> ignore
    arg [cmTC_f2b6e] ==> ignore
    arg [/usr/lib/gcc/x86_64-linux-gnu/11/../../../x86_64-linux-gnu/Scrt1.o] ==> obj [/usr/lib/gcc/x86_64-linux-gnu/11/../../../x86_64-linux-gnu/Scrt1.o]
    arg [/usr/lib/gcc/x86_64-linux-gnu/11/../../../x86_64-linux-gnu/crti.o] ==> obj [/usr/lib/gcc/x86_64-linux-gnu/11/../../../x86_64-linux-gnu/crti.o]
    arg [/usr/lib/gcc/x86_64-linux-gnu/11/crtbeginS.o] ==> obj [/usr/lib/gcc/x86_64-linux-gnu/11/crtbeginS.o]
    arg [-L/usr/lib/gcc/x86_64-linux-gnu/11] ==> dir [/usr/lib/gcc/x86_64-linux-gnu/11]
    arg [-L/usr/lib/gcc/x86_64-linux-gnu/11/../../../x86_64-linux-gnu] ==> dir [/usr/lib/gcc/x86_64-linux-gnu/11/../../../x86_64-linux-gnu]
    arg [-L/usr/lib/gcc/x86_64-linux-gnu/11/../../../../lib] ==> dir [/usr/lib/gcc/x86_64-linux-gnu/11/../../../../lib]
    arg [-L/lib/x86_64-linux-gnu] ==> dir [/lib/x86_64-linux-gnu]
    arg [-L/lib/../lib] ==> dir [/lib/../lib]
    arg [-L/usr/lib/x86_64-linux-gnu] ==> dir [/usr/lib/x86_64-linux-gnu]
    arg [-L/usr/lib/../lib] ==> dir [/usr/lib/../lib]
    arg [-L/usr/lib/gcc/x86_64-linux-gnu/11/../../..] ==> dir [/usr/lib/gcc/x86_64-linux-gnu/11/../../..]
    arg [CMakeFiles/cmTC_f2b6e.dir/CMakeCCompilerABI.c.o] ==> ignore
    arg [-lgcc] ==> lib [gcc]
    arg [--push-state] ==> ignore
    arg [--as-needed] ==> ignore
    arg [-lgcc_s] ==> lib [gcc_s]
    arg [--pop-state] ==> ignore
    arg [-lc] ==> lib [c]
    arg [-lgcc] ==> lib [gcc]
    arg [--push-state] ==> ignore
    arg [--as-needed] ==> ignore
    arg [-lgcc_s] ==> lib [gcc_s]
    arg [--pop-state] ==> ignore
    arg [/usr/lib/gcc/x86_64-linux-gnu/11/crtendS.o] ==> obj [/usr/lib/gcc/x86_64-linux-gnu/11/crtendS.o]
    arg [/usr/lib/gcc/x86_64-linux-gnu/11/../../../x86_64-linux-gnu/crtn.o] ==> obj [/usr/lib/gcc/x86_64-linux-gnu/11/../../../x86_64-linux-gnu/crtn.o]
  collapse obj [/usr/lib/gcc/x86_64-linux-gnu/11/../../../x86_64-linux-gnu/Scrt1.o] ==> [/usr/lib/x86_64-linux-gnu/Scrt1.o]
  collapse obj [/usr/lib/gcc/x86_64-linux-gnu/11/../../../x86_64-linux-gnu/crti.o] ==> [/usr/lib/x86_64-linux-gnu/crti.o]
  collapse obj [/usr/lib/gcc/x86_64-linux-gnu/11/../../../x86_64-linux-gnu/crtn.o] ==> [/usr/lib/x86_64-linux-gnu/crtn.o]
  collapse library dir [/usr/lib/gcc/x86_64-linux-gnu/11] ==> [/usr/lib/gcc/x86_64-linux-gnu/11]
  collapse library dir [/usr/lib/gcc/x86_64-linux-gnu/11/../../../x86_64-linux-gnu] ==> [/usr/lib/x86_64-linux-gnu]
  collapse library dir [/usr/lib/gcc/x86_64-linux-gnu/11/../../../../lib] ==> [/usr/lib]
  collapse library dir [/lib/x86_64-linux-gnu] ==> [/lib/x86_64-linux-gnu]
  collapse library dir [/lib/../lib] ==> [/lib]
  collapse library dir [/usr/lib/x86_64-linux-gnu] ==> [/usr/lib/x86_64-linux-gnu]
  collapse library dir [/usr/lib/../lib] ==> [/usr/lib]
  collapse library dir [/usr/lib/gcc/x86_64-linux-gnu/11/../../..] ==> [/usr/lib]
  implicit libs: [gcc;gcc_s;c;gcc;gcc_s]
  implicit objs: [/usr/lib/x86_64-linux-gnu/Scrt1.o;/usr/lib/x86_64-linux-gnu/crti.o;/usr/lib/gcc/x86_64-linux-gnu/11/crtbeginS.o;/usr/lib/gcc/x86_64-linux-gnu/11/crtendS.o;/usr/lib/x86_64-linux-gnu/crtn.o]
  implicit dirs: [/usr/lib/gcc/x86_64-linux-gnu/11;/usr/lib/x86_64-linux-gnu;/usr/lib;/lib/x86_64-linux-gnu;/lib]
  implicit fwks: []


Determining if the include file getopt.h exists passed with the following output:
Change Dir: /home/pristu/Documents/School/Gill/rts-research/cyclonedds/cmake-build-debug/CMakeFiles/CMakeTmp

Run Build Command(s):/usr/bin/gmake -f Makefile cmTC_0b52d/fast && /usr/bin/gmake  -f CMakeFiles/cmTC_0b52d.dir/build.make CMakeFiles/cmTC_0b52d.dir/build
gmake[1]: Entering directory '/home/pristu/Documents/School/Gill/rts-research/cyclonedds/cmake-build-debug/CMakeFiles/CMakeTmp'
Building C object CMakeFiles/cmTC_0b52d.dir/CheckIncludeFile.c.o
/usr/bin/cc   -std=gnu99 -o CMakeFiles/cmTC_0b52d.dir/CheckIncludeFile.c.o -c /home/pristu/Documents/School/Gill/rts-research/cyclonedds/cmake-build-debug/CMakeFiles/CMakeTmp/CheckIncludeFile.c
Linking C executable cmTC_0b52d
/home/pristu/.local/share/JetBrains/Toolbox/apps/CLion/ch-0/213.6461.75/bin/cmake/linux/bin/cmake -E cmake_link_script CMakeFiles/cmTC_0b52d.dir/link.txt --verbose=1
/usr/bin/cc CMakeFiles/cmTC_0b52d.dir/CheckIncludeFile.c.o -o cmTC_0b52d 
gmake[1]: Leaving directory '/home/pristu/Documents/School/Gill/rts-research/cyclonedds/cmake-build-debug/CMakeFiles/CMakeTmp'



Determining if the include file stdint.h exists passed with the following output:
Change Dir: /home/pristu/Documents/School/Gill/rts-research/cyclonedds/cmake-build-debug/CMakeFiles/CMakeTmp

Run Build Command(s):/usr/bin/gmake -f Makefile cmTC_47e90/fast && /usr/bin/gmake  -f CMakeFiles/cmTC_47e90.dir/build.make CMakeFiles/cmTC_47e90.dir/build
gmake[1]: Entering directory '/home/pristu/Documents/School/Gill/rts-research/cyclonedds/cmake-build-debug/CMakeFiles/CMakeTmp'
Building C object CMakeFiles/cmTC_47e90.dir/CheckIncludeFile.c.o
/usr/bin/cc   -std=gnu99 -o CMakeFiles/cmTC_47e90.dir/CheckIncludeFile.c.o -c /home/pristu/Documents/School/Gill/rts-research/cyclonedds/cmake-build-debug/CMakeFiles/CMakeTmp/CheckIncludeFile.c
Linking C executable cmTC_47e90
/home/pristu/.local/share/JetBrains/Toolbox/apps/CLion/ch-0/213.6461.75/bin/cmake/linux/bin/cmake -E cmake_link_script CMakeFiles/cmTC_47e90.dir/link.txt --verbose=1
/usr/bin/cc CMakeFiles/cmTC_47e90.dir/CheckIncludeFile.c.o -o cmTC_47e90 
gmake[1]: Leaving directory '/home/pristu/Documents/School/Gill/rts-research/cyclonedds/cmake-build-debug/CMakeFiles/CMakeTmp'



Determining if the include file inttypes.h exists passed with the following output:
Change Dir: /home/pristu/Documents/School/Gill/rts-research/cyclonedds/cmake-build-debug/CMakeFiles/CMakeTmp

Run Build Command(s):/usr/bin/gmake -f Makefile cmTC_91992/fast && /usr/bin/gmake  -f CMakeFiles/cmTC_91992.dir/build.make CMakeFiles/cmTC_91992.dir/build
gmake[1]: Entering directory '/home/pristu/Documents/School/Gill/rts-research/cyclonedds/cmake-build-debug/CMakeFiles/CMakeTmp'
Building C object CMakeFiles/cmTC_91992.dir/CheckIncludeFile.c.o
/usr/bin/cc   -std=gnu99 -o CMakeFiles/cmTC_91992.dir/CheckIncludeFile.c.o -c /home/pristu/Documents/School/Gill/rts-research/cyclonedds/cmake-build-debug/CMakeFiles/CMakeTmp/CheckIncludeFile.c
Linking C executable cmTC_91992
/home/pristu/.local/share/JetBrains/Toolbox/apps/CLion/ch-0/213.6461.75/bin/cmake/linux/bin/cmake -E cmake_link_script CMakeFiles/cmTC_91992.dir/link.txt --verbose=1
/usr/bin/cc CMakeFiles/cmTC_91992.dir/CheckIncludeFile.c.o -o cmTC_91992 
gmake[1]: Leaving directory '/home/pristu/Documents/School/Gill/rts-research/cyclonedds/cmake-build-debug/CMakeFiles/CMakeTmp'



Determining if the include file sys/types.h exists passed with the following output:
Change Dir: /home/pristu/Documents/School/Gill/rts-research/cyclonedds/cmake-build-debug/CMakeFiles/CMakeTmp

Run Build Command(s):/usr/bin/gmake -f Makefile cmTC_35e31/fast && /usr/bin/gmake  -f CMakeFiles/cmTC_35e31.dir/build.make CMakeFiles/cmTC_35e31.dir/build
gmake[1]: Entering directory '/home/pristu/Documents/School/Gill/rts-research/cyclonedds/cmake-build-debug/CMakeFiles/CMakeTmp'
Building C object CMakeFiles/cmTC_35e31.dir/CheckIncludeFile.c.o
/usr/bin/cc   -std=gnu99 -o CMakeFiles/cmTC_35e31.dir/CheckIncludeFile.c.o -c /home/pristu/Documents/School/Gill/rts-research/cyclonedds/cmake-build-debug/CMakeFiles/CMakeTmp/CheckIncludeFile.c
Linking C executable cmTC_35e31
/home/pristu/.local/share/JetBrains/Toolbox/apps/CLion/ch-0/213.6461.75/bin/cmake/linux/bin/cmake -E cmake_link_script CMakeFiles/cmTC_35e31.dir/link.txt --verbose=1
/usr/bin/cc CMakeFiles/cmTC_35e31.dir/CheckIncludeFile.c.o -o cmTC_35e31 
gmake[1]: Leaving directory '/home/pristu/Documents/School/Gill/rts-research/cyclonedds/cmake-build-debug/CMakeFiles/CMakeTmp'



Determining if the include file stdint.h exists passed with the following output:
Change Dir: /home/pristu/Documents/School/Gill/rts-research/cyclonedds/cmake-build-debug/CMakeFiles/CMakeTmp

Run Build Command(s):/usr/bin/gmake -f Makefile cmTC_0be8b/fast && /usr/bin/gmake  -f CMakeFiles/cmTC_0be8b.dir/build.make CMakeFiles/cmTC_0be8b.dir/build
gmake[1]: Entering directory '/home/pristu/Documents/School/Gill/rts-research/cyclonedds/cmake-build-debug/CMakeFiles/CMakeTmp'
Building C object CMakeFiles/cmTC_0be8b.dir/CheckIncludeFile.c.o
/usr/bin/cc   -std=gnu99 -o CMakeFiles/cmTC_0be8b.dir/CheckIncludeFile.c.o -c /home/pristu/Documents/School/Gill/rts-research/cyclonedds/cmake-build-debug/CMakeFiles/CMakeTmp/CheckIncludeFile.c
Linking C executable cmTC_0be8b
/home/pristu/.local/share/JetBrains/Toolbox/apps/CLion/ch-0/213.6461.75/bin/cmake/linux/bin/cmake -E cmake_link_script CMakeFiles/cmTC_0be8b.dir/link.txt --verbose=1
/usr/bin/cc CMakeFiles/cmTC_0be8b.dir/CheckIncludeFile.c.o -o cmTC_0be8b 
gmake[1]: Leaving directory '/home/pristu/Documents/School/Gill/rts-research/cyclonedds/cmake-build-debug/CMakeFiles/CMakeTmp'



Determining if the include file stddef.h exists passed with the following output:
Change Dir: /home/pristu/Documents/School/Gill/rts-research/cyclonedds/cmake-build-debug/CMakeFiles/CMakeTmp

Run Build Command(s):/usr/bin/gmake -f Makefile cmTC_b3579/fast && /usr/bin/gmake  -f CMakeFiles/cmTC_b3579.dir/build.make CMakeFiles/cmTC_b3579.dir/build
gmake[1]: Entering directory '/home/pristu/Documents/School/Gill/rts-research/cyclonedds/cmake-build-debug/CMakeFiles/CMakeTmp'
Building C object CMakeFiles/cmTC_b3579.dir/CheckIncludeFile.c.o
/usr/bin/cc   -std=gnu99 -o CMakeFiles/cmTC_b3579.dir/CheckIncludeFile.c.o -c /home/pristu/Documents/School/Gill/rts-research/cyclonedds/cmake-build-debug/CMakeFiles/CMakeTmp/CheckIncludeFile.c
Linking C executable cmTC_b3579
/home/pristu/.local/share/JetBrains/Toolbox/apps/CLion/ch-0/213.6461.75/bin/cmake/linux/bin/cmake -E cmake_link_script CMakeFiles/cmTC_b3579.dir/link.txt --verbose=1
/usr/bin/cc CMakeFiles/cmTC_b3579.dir/CheckIncludeFile.c.o -o cmTC_b3579 
gmake[1]: Leaving directory '/home/pristu/Documents/School/Gill/rts-research/cyclonedds/cmake-build-debug/CMakeFiles/CMakeTmp'



Determining size of intmax_t passed with the following output:
Change Dir: /home/pristu/Documents/School/Gill/rts-research/cyclonedds/cmake-build-debug/CMakeFiles/CMakeTmp

Run Build Command(s):/usr/bin/gmake -f Makefile cmTC_6e2e3/fast && /usr/bin/gmake  -f CMakeFiles/cmTC_6e2e3.dir/build.make CMakeFiles/cmTC_6e2e3.dir/build
gmake[1]: Entering directory '/home/pristu/Documents/School/Gill/rts-research/cyclonedds/cmake-build-debug/CMakeFiles/CMakeTmp'
Building C object CMakeFiles/cmTC_6e2e3.dir/_size.c.o
/usr/bin/cc   -std=gnu99 -o CMakeFiles/cmTC_6e2e3.dir/_size.c.o -c /home/pristu/Documents/School/Gill/rts-research/cyclonedds/cmake-build-debug/CMakeFiles/CheckTypeSize/_size.c
Linking C executable cmTC_6e2e3
/home/pristu/.local/share/JetBrains/Toolbox/apps/CLion/ch-0/213.6461.75/bin/cmake/linux/bin/cmake -E cmake_link_script CMakeFiles/cmTC_6e2e3.dir/link.txt --verbose=1
/usr/bin/cc CMakeFiles/cmTC_6e2e3.dir/_size.c.o -o cmTC_6e2e3 
gmake[1]: Leaving directory '/home/pristu/Documents/School/Gill/rts-research/cyclonedds/cmake-build-debug/CMakeFiles/CMakeTmp'



Determining if the stpcpy exist passed with the following output:
Change Dir: /home/pristu/Documents/School/Gill/rts-research/cyclonedds/cmake-build-debug/CMakeFiles/CMakeTmp

Run Build Command(s):/usr/bin/gmake -f Makefile cmTC_529d0/fast && /usr/bin/gmake  -f CMakeFiles/cmTC_529d0.dir/build.make CMakeFiles/cmTC_529d0.dir/build
gmake[1]: Entering directory '/home/pristu/Documents/School/Gill/rts-research/cyclonedds/cmake-build-debug/CMakeFiles/CMakeTmp'
Building C object CMakeFiles/cmTC_529d0.dir/CheckSymbolExists.c.o
/usr/bin/cc   -std=gnu99 -o CMakeFiles/cmTC_529d0.dir/CheckSymbolExists.c.o -c /home/pristu/Documents/School/Gill/rts-research/cyclonedds/cmake-build-debug/CMakeFiles/CMakeTmp/CheckSymbolExists.c
Linking C executable cmTC_529d0
/home/pristu/.local/share/JetBrains/Toolbox/apps/CLion/ch-0/213.6461.75/bin/cmake/linux/bin/cmake -E cmake_link_script CMakeFiles/cmTC_529d0.dir/link.txt --verbose=1
/usr/bin/cc CMakeFiles/cmTC_529d0.dir/CheckSymbolExists.c.o -o cmTC_529d0 
gmake[1]: Leaving directory '/home/pristu/Documents/School/Gill/rts-research/cyclonedds/cmake-build-debug/CMakeFiles/CMakeTmp'


File /home/pristu/Documents/School/Gill/rts-research/cyclonedds/cmake-build-debug/CMakeFiles/CMakeTmp/CheckSymbolExists.c:
/* */
#include <string.h>

int main(int argc, char** argv)
{
  (void)argv;
#ifndef stpcpy
  return ((int*)(&stpcpy))[argc];
#else
  (void)argc;
  return 0;
#endif
}
Performing C SOURCE FILE Test COMPILER_HAS_HIDDEN_VISIBILITY succeeded with the following output:
Change Dir: /home/pristu/Documents/School/Gill/rts-research/cyclonedds/cmake-build-debug/CMakeFiles/CMakeTmp

Run Build Command(s):/usr/bin/gmake -f Makefile cmTC_08419/fast && /usr/bin/gmake  -f CMakeFiles/cmTC_08419.dir/build.make CMakeFiles/cmTC_08419.dir/build
gmake[1]: Entering directory '/home/pristu/Documents/School/Gill/rts-research/cyclonedds/cmake-build-debug/CMakeFiles/CMakeTmp'
Building C object CMakeFiles/cmTC_08419.dir/src.c.o
/usr/bin/cc -DCOMPILER_HAS_HIDDEN_VISIBILITY  -fvisibility=hidden -std=gnu99 -o CMakeFiles/cmTC_08419.dir/src.c.o -c /home/pristu/Documents/School/Gill/rts-research/cyclonedds/cmake-build-debug/CMakeFiles/CMakeTmp/src.c
Linking C executable cmTC_08419
/home/pristu/.local/share/JetBrains/Toolbox/apps/CLion/ch-0/213.6461.75/bin/cmake/linux/bin/cmake -E cmake_link_script CMakeFiles/cmTC_08419.dir/link.txt --verbose=1
/usr/bin/cc CMakeFiles/cmTC_08419.dir/src.c.o -o cmTC_08419 
gmake[1]: Leaving directory '/home/pristu/Documents/School/Gill/rts-research/cyclonedds/cmake-build-debug/CMakeFiles/CMakeTmp'


Source file was:
int main(void) { return 0; }
Performing C SOURCE FILE Test COMPILER_HAS_DEPRECATED_ATTR succeeded with the following output:
Change Dir: /home/pristu/Documents/School/Gill/rts-research/cyclonedds/cmake-build-debug/CMakeFiles/CMakeTmp

Run Build Command(s):/usr/bin/gmake -f Makefile cmTC_32dbe/fast && /usr/bin/gmake  -f CMakeFiles/cmTC_32dbe.dir/build.make CMakeFiles/cmTC_32dbe.dir/build
gmake[1]: Entering directory '/home/pristu/Documents/School/Gill/rts-research/cyclonedds/cmake-build-debug/CMakeFiles/CMakeTmp'
Building C object CMakeFiles/cmTC_32dbe.dir/src.c.o
/usr/bin/cc -DCOMPILER_HAS_DEPRECATED_ATTR  -std=gnu99 -o CMakeFiles/cmTC_32dbe.dir/src.c.o -c /home/pristu/Documents/School/Gill/rts-research/cyclonedds/cmake-build-debug/CMakeFiles/CMakeTmp/src.c
/home/pristu/Documents/School/Gill/rts-research/cyclonedds/cmake-build-debug/CMakeFiles/CMakeTmp/src.c: In function ‘main’:
/home/pristu/Documents/School/Gill/rts-research/cyclonedds/cmake-build-debug/CMakeFiles/CMakeTmp/src.c:2:5: warning: ‘somefunc’ is deprecated [-Wdeprecated-declarations]
    2 |     int main() { return somefunc();}
      |     ^~~
/home/pristu/Documents/School/Gill/rts-research/cyclonedds/cmake-build-debug/CMakeFiles/CMakeTmp/src.c:1:37: note: declared here
    1 | __attribute__((__deprecated__)) int somefunc() { return 0; }
      |                                     ^~~~~~~~
Linking C executable cmTC_32dbe
/home/pristu/.local/share/JetBrains/Toolbox/apps/CLion/ch-0/213.6461.75/bin/cmake/linux/bin/cmake -E cmake_link_script CMakeFiles/cmTC_32dbe.dir/link.txt --verbose=1
/usr/bin/cc CMakeFiles/cmTC_32dbe.dir/src.c.o -o cmTC_32dbe 
gmake[1]: Leaving directory '/home/pristu/Documents/School/Gill/rts-research/cyclonedds/cmake-build-debug/CMakeFiles/CMakeTmp'


Source file was:
__attribute__((__deprecated__)) int somefunc() { return 0; }
    int main() { return somefunc();}
Determining if the gethostname exist passed with the following output:
Change Dir: /home/pristu/Documents/School/Gill/rts-research/cyclonedds/cmake-build-debug/CMakeFiles/CMakeTmp

Run Build Command(s):/usr/bin/gmake -f Makefile cmTC_b4c3f/fast && /usr/bin/gmake  -f CMakeFiles/cmTC_b4c3f.dir/build.make CMakeFiles/cmTC_b4c3f.dir/build
gmake[1]: Entering directory '/home/pristu/Documents/School/Gill/rts-research/cyclonedds/cmake-build-debug/CMakeFiles/CMakeTmp'
Building C object CMakeFiles/cmTC_b4c3f.dir/CheckSymbolExists.c.o
/usr/bin/cc   -std=gnu99 -o CMakeFiles/cmTC_b4c3f.dir/CheckSymbolExists.c.o -c /home/pristu/Documents/School/Gill/rts-research/cyclonedds/cmake-build-debug/CMakeFiles/CMakeTmp/CheckSymbolExists.c
Linking C executable cmTC_b4c3f
/home/pristu/.local/share/JetBrains/Toolbox/apps/CLion/ch-0/213.6461.75/bin/cmake/linux/bin/cmake -E cmake_link_script CMakeFiles/cmTC_b4c3f.dir/link.txt --verbose=1
/usr/bin/cc CMakeFiles/cmTC_b4c3f.dir/CheckSymbolExists.c.o -o cmTC_b4c3f 
gmake[1]: Leaving directory '/home/pristu/Documents/School/Gill/rts-research/cyclonedds/cmake-build-debug/CMakeFiles/CMakeTmp'


File /home/pristu/Documents/School/Gill/rts-research/cyclonedds/cmake-build-debug/CMakeFiles/CMakeTmp/CheckSymbolExists.c:
/* */
#include <unistd.h>

int main(int argc, char** argv)
{
  (void)argv;
#ifndef gethostname
  return ((int*)(&gethostname))[argc];
#else
  (void)argc;
  return 0;
#endif
}
Determining if the inet_ntop exist passed with the following output:
Change Dir: /home/pristu/Documents/School/Gill/rts-research/cyclonedds/cmake-build-debug/CMakeFiles/CMakeTmp

Run Build Command(s):/usr/bin/gmake -f Makefile cmTC_1f2d0/fast && /usr/bin/gmake  -f CMakeFiles/cmTC_1f2d0.dir/build.make CMakeFiles/cmTC_1f2d0.dir/build
gmake[1]: Entering directory '/home/pristu/Documents/School/Gill/rts-research/cyclonedds/cmake-build-debug/CMakeFiles/CMakeTmp'
Building C object CMakeFiles/cmTC_1f2d0.dir/CheckSymbolExists.c.o
/usr/bin/cc   -std=gnu99 -o CMakeFiles/cmTC_1f2d0.dir/CheckSymbolExists.c.o -c /home/pristu/Documents/School/Gill/rts-research/cyclonedds/cmake-build-debug/CMakeFiles/CMakeTmp/CheckSymbolExists.c
Linking C executable cmTC_1f2d0
/home/pristu/.local/share/JetBrains/Toolbox/apps/CLion/ch-0/213.6461.75/bin/cmake/linux/bin/cmake -E cmake_link_script CMakeFiles/cmTC_1f2d0.dir/link.txt --verbose=1
/usr/bin/cc CMakeFiles/cmTC_1f2d0.dir/CheckSymbolExists.c.o -o cmTC_1f2d0 
gmake[1]: Leaving directory '/home/pristu/Documents/School/Gill/rts-research/cyclonedds/cmake-build-debug/CMakeFiles/CMakeTmp'


File /home/pristu/Documents/School/Gill/rts-research/cyclonedds/cmake-build-debug/CMakeFiles/CMakeTmp/CheckSymbolExists.c:
/* */
#include <arpa/inet.h>

int main(int argc, char** argv)
{
  (void)argv;
#ifndef inet_ntop
  return ((int*)(&inet_ntop))[argc];
#else
  (void)argc;
  return 0;
#endif
}
Determining if the inet_pton exist passed with the following output:
Change Dir: /home/pristu/Documents/School/Gill/rts-research/cyclonedds/cmake-build-debug/CMakeFiles/CMakeTmp

Run Build Command(s):/usr/bin/gmake -f Makefile cmTC_05e0b/fast && /usr/bin/gmake  -f CMakeFiles/cmTC_05e0b.dir/build.make CMakeFiles/cmTC_05e0b.dir/build
gmake[1]: Entering directory '/home/pristu/Documents/School/Gill/rts-research/cyclonedds/cmake-build-debug/CMakeFiles/CMakeTmp'
Building C object CMakeFiles/cmTC_05e0b.dir/CheckSymbolExists.c.o
/usr/bin/cc   -std=gnu99 -o CMakeFiles/cmTC_05e0b.dir/CheckSymbolExists.c.o -c /home/pristu/Documents/School/Gill/rts-research/cyclonedds/cmake-build-debug/CMakeFiles/CMakeTmp/CheckSymbolExists.c
Linking C executable cmTC_05e0b
/home/pristu/.local/share/JetBrains/Toolbox/apps/CLion/ch-0/213.6461.75/bin/cmake/linux/bin/cmake -E cmake_link_script CMakeFiles/cmTC_05e0b.dir/link.txt --verbose=1
/usr/bin/cc CMakeFiles/cmTC_05e0b.dir/CheckSymbolExists.c.o -o cmTC_05e0b 
gmake[1]: Leaving directory '/home/pristu/Documents/School/Gill/rts-research/cyclonedds/cmake-build-debug/CMakeFiles/CMakeTmp'


File /home/pristu/Documents/School/Gill/rts-research/cyclonedds/cmake-build-debug/CMakeFiles/CMakeTmp/CheckSymbolExists.c:
/* */
#include <arpa/inet.h>

int main(int argc, char** argv)
{
  (void)argv;
#ifndef inet_pton
  return ((int*)(&inet_pton))[argc];
#else
  (void)argc;
  return 0;
#endif
}
Determining if the getaddrinfo exist passed with the following output:
Change Dir: /home/pristu/Documents/School/Gill/rts-research/cyclonedds/cmake-build-debug/CMakeFiles/CMakeTmp

Run Build Command(s):/usr/bin/gmake -f Makefile cmTC_5eac9/fast && /usr/bin/gmake  -f CMakeFiles/cmTC_5eac9.dir/build.make CMakeFiles/cmTC_5eac9.dir/build
gmake[1]: Entering directory '/home/pristu/Documents/School/Gill/rts-research/cyclonedds/cmake-build-debug/CMakeFiles/CMakeTmp'
Building C object CMakeFiles/cmTC_5eac9.dir/CheckSymbolExists.c.o
/usr/bin/cc   -std=gnu99 -o CMakeFiles/cmTC_5eac9.dir/CheckSymbolExists.c.o -c /home/pristu/Documents/School/Gill/rts-research/cyclonedds/cmake-build-debug/CMakeFiles/CMakeTmp/CheckSymbolExists.c
Linking C executable cmTC_5eac9
/home/pristu/.local/share/JetBrains/Toolbox/apps/CLion/ch-0/213.6461.75/bin/cmake/linux/bin/cmake -E cmake_link_script CMakeFiles/cmTC_5eac9.dir/link.txt --verbose=1
/usr/bin/cc CMakeFiles/cmTC_5eac9.dir/CheckSymbolExists.c.o -o cmTC_5eac9 
gmake[1]: Leaving directory '/home/pristu/Documents/School/Gill/rts-research/cyclonedds/cmake-build-debug/CMakeFiles/CMakeTmp'


File /home/pristu/Documents/School/Gill/rts-research/cyclonedds/cmake-build-debug/CMakeFiles/CMakeTmp/CheckSymbolExists.c:
/* */
#include <netdb.h>

int main(int argc, char** argv)
{
  (void)argv;
#ifndef getaddrinfo
  return ((int*)(&getaddrinfo))[argc];
#else
  (void)argc;
  return 0;
#endif
}
Determining if the gethostbyname_r exist passed with the following output:
Change Dir: /home/pristu/Documents/School/Gill/rts-research/cyclonedds/cmake-build-debug/CMakeFiles/CMakeTmp

Run Build Command(s):/usr/bin/gmake -f Makefile cmTC_e2891/fast && /usr/bin/gmake  -f CMakeFiles/cmTC_e2891.dir/build.make CMakeFiles/cmTC_e2891.dir/build
gmake[1]: Entering directory '/home/pristu/Documents/School/Gill/rts-research/cyclonedds/cmake-build-debug/CMakeFiles/CMakeTmp'
Building C object CMakeFiles/cmTC_e2891.dir/CheckSymbolExists.c.o
/usr/bin/cc   -std=gnu99 -o CMakeFiles/cmTC_e2891.dir/CheckSymbolExists.c.o -c /home/pristu/Documents/School/Gill/rts-research/cyclonedds/cmake-build-debug/CMakeFiles/CMakeTmp/CheckSymbolExists.c
Linking C executable cmTC_e2891
/home/pristu/.local/share/JetBrains/Toolbox/apps/CLion/ch-0/213.6461.75/bin/cmake/linux/bin/cmake -E cmake_link_script CMakeFiles/cmTC_e2891.dir/link.txt --verbose=1
/usr/bin/cc CMakeFiles/cmTC_e2891.dir/CheckSymbolExists.c.o -o cmTC_e2891 
gmake[1]: Leaving directory '/home/pristu/Documents/School/Gill/rts-research/cyclonedds/cmake-build-debug/CMakeFiles/CMakeTmp'


File /home/pristu/Documents/School/Gill/rts-research/cyclonedds/cmake-build-debug/CMakeFiles/CMakeTmp/CheckSymbolExists.c:
/* */
#include <netdb.h>

int main(int argc, char** argv)
{
  (void)argv;
#ifndef gethostbyname_r
  return ((int*)(&gethostbyname_r))[argc];
#else
  (void)argc;
  return 0;
#endif
}
Determining size of struct sockaddr_in6 passed with the following output:
Change Dir: /home/pristu/Documents/School/Gill/rts-research/cyclonedds/cmake-build-debug/CMakeFiles/CMakeTmp

Run Build Command(s):/usr/bin/gmake -f Makefile cmTC_f713e/fast && /usr/bin/gmake  -f CMakeFiles/cmTC_f713e.dir/build.make CMakeFiles/cmTC_f713e.dir/build
gmake[1]: Entering directory '/home/pristu/Documents/School/Gill/rts-research/cyclonedds/cmake-build-debug/CMakeFiles/CMakeTmp'
Building C object CMakeFiles/cmTC_f713e.dir/SIZEOF_SOCKADDR_IN6.c.o
/usr/bin/cc   -std=gnu99 -o CMakeFiles/cmTC_f713e.dir/SIZEOF_SOCKADDR_IN6.c.o -c /home/pristu/Documents/School/Gill/rts-research/cyclonedds/cmake-build-debug/CMakeFiles/CheckTypeSize/SIZEOF_SOCKADDR_IN6.c
Linking C executable cmTC_f713e
/home/pristu/.local/share/JetBrains/Toolbox/apps/CLion/ch-0/213.6461.75/bin/cmake/linux/bin/cmake -E cmake_link_script CMakeFiles/cmTC_f713e.dir/link.txt --verbose=1
/usr/bin/cc CMakeFiles/cmTC_f713e.dir/SIZEOF_SOCKADDR_IN6.c.o -o cmTC_f713e 
gmake[1]: Leaving directory '/home/pristu/Documents/School/Gill/rts-research/cyclonedds/cmake-build-debug/CMakeFiles/CMakeTmp'



Determining if the include file pthread.h exists passed with the following output:
Change Dir: /home/pristu/Documents/School/Gill/rts-research/cyclonedds/cmake-build-debug/CMakeFiles/CMakeTmp

Run Build Command(s):/usr/bin/gmake -f Makefile cmTC_04995/fast && /usr/bin/gmake  -f CMakeFiles/cmTC_04995.dir/build.make CMakeFiles/cmTC_04995.dir/build
gmake[1]: Entering directory '/home/pristu/Documents/School/Gill/rts-research/cyclonedds/cmake-build-debug/CMakeFiles/CMakeTmp'
Building C object CMakeFiles/cmTC_04995.dir/CheckIncludeFile.c.o
/usr/bin/cc   -std=gnu99 -o CMakeFiles/cmTC_04995.dir/CheckIncludeFile.c.o -c /home/pristu/Documents/School/Gill/rts-research/cyclonedds/cmake-build-debug/CMakeFiles/CMakeTmp/CheckIncludeFile.c
Linking C executable cmTC_04995
/home/pristu/.local/share/JetBrains/Toolbox/apps/CLion/ch-0/213.6461.75/bin/cmake/linux/bin/cmake -E cmake_link_script CMakeFiles/cmTC_04995.dir/link.txt --verbose=1
/usr/bin/cc CMakeFiles/cmTC_04995.dir/CheckIncludeFile.c.o -o cmTC_04995 
gmake[1]: Leaving directory '/home/pristu/Documents/School/Gill/rts-research/cyclonedds/cmake-build-debug/CMakeFiles/CMakeTmp'



Performing C SOURCE FILE Test CMAKE_HAVE_LIBC_PTHREAD succeeded with the following output:
Change Dir: /home/pristu/Documents/School/Gill/rts-research/cyclonedds/cmake-build-debug/CMakeFiles/CMakeTmp

Run Build Command(s):/usr/bin/gmake -f Makefile cmTC_9ccae/fast && /usr/bin/gmake  -f CMakeFiles/cmTC_9ccae.dir/build.make CMakeFiles/cmTC_9ccae.dir/build
gmake[1]: Entering directory '/home/pristu/Documents/School/Gill/rts-research/cyclonedds/cmake-build-debug/CMakeFiles/CMakeTmp'
Building C object CMakeFiles/cmTC_9ccae.dir/src.c.o
/usr/bin/cc -DCMAKE_HAVE_LIBC_PTHREAD  -std=gnu99 -o CMakeFiles/cmTC_9ccae.dir/src.c.o -c /home/pristu/Documents/School/Gill/rts-research/cyclonedds/cmake-build-debug/CMakeFiles/CMakeTmp/src.c
Linking C executable cmTC_9ccae
/home/pristu/.local/share/JetBrains/Toolbox/apps/CLion/ch-0/213.6461.75/bin/cmake/linux/bin/cmake -E cmake_link_script CMakeFiles/cmTC_9ccae.dir/link.txt --verbose=1
/usr/bin/cc CMakeFiles/cmTC_9ccae.dir/src.c.o -o cmTC_9ccae 
gmake[1]: Leaving directory '/home/pristu/Documents/School/Gill/rts-research/cyclonedds/cmake-build-debug/CMakeFiles/CMakeTmp'


Source file was:
#include <pthread.h>

static void* test_func(void* data)
{
  return data;
}

int main(void)
{
  pthread_t thread;
  pthread_create(&thread, NULL, test_func, NULL);
  pthread_detach(thread);
  pthread_cancel(thread);
  pthread_join(thread, NULL);
  pthread_atfork(NULL, NULL, NULL);
  pthread_exit(NULL);

  return 0;
}

Determining if the function clock_gettime exists in the c passed with the following output:
Change Dir: /home/pristu/Documents/School/Gill/rts-research/cyclonedds/cmake-build-debug/CMakeFiles/CMakeTmp

Run Build Command(s):/usr/bin/gmake -f Makefile cmTC_04914/fast && /usr/bin/gmake  -f CMakeFiles/cmTC_04914.dir/build.make CMakeFiles/cmTC_04914.dir/build
gmake[1]: Entering directory '/home/pristu/Documents/School/Gill/rts-research/cyclonedds/cmake-build-debug/CMakeFiles/CMakeTmp'
Building C object CMakeFiles/cmTC_04914.dir/CheckFunctionExists.c.o
/usr/bin/cc   -DCHECK_FUNCTION_EXISTS=clock_gettime -std=gnu99 -o CMakeFiles/cmTC_04914.dir/CheckFunctionExists.c.o -c /home/pristu/.local/share/JetBrains/Toolbox/apps/CLion/ch-0/213.6461.75/bin/cmake/linux/share/cmake-3.21/Modules/CheckFunctionExists.c
Linking C executable cmTC_04914
/home/pristu/.local/share/JetBrains/Toolbox/apps/CLion/ch-0/213.6461.75/bin/cmake/linux/bin/cmake -E cmake_link_script CMakeFiles/cmTC_04914.dir/link.txt --verbose=1
/usr/bin/cc  -DCHECK_FUNCTION_EXISTS=clock_gettime CMakeFiles/cmTC_04914.dir/CheckFunctionExists.c.o -o cmTC_04914  -lc 
gmake[1]: Leaving directory '/home/pristu/Documents/School/Gill/rts-research/cyclonedds/cmake-build-debug/CMakeFiles/CMakeTmp'



