The system is: Linux - 5.16.19-76051619-generic - x86_64
Compiling the C compiler identification source file "CMakeCCompilerId.c" succeeded.
Compiler: /usr/bin/cc 
Build flags: 
Id flags:  

The output was:
0


Compilation of the C compiler identification source "CMakeCCompilerId.c" produced "a.out"

The C compiler identification is GNU, found in "/home/pristu/Documents/School/Gill/rts-research/cyclonedds/local_build/CMakeFiles/3.18.4/CompilerIdC/a.out"

Detecting C compiler ABI info compiled with the following output:
Change Dir: /home/pristu/Documents/School/Gill/rts-research/cyclonedds/local_build/CMakeFiles/CMakeTmp

Run Build Command(s):/usr/bin/gmake cmTC_7d185/fast && /usr/bin/gmake  -f CMakeFiles/cmTC_7d185.dir/build.make CMakeFiles/cmTC_7d185.dir/build
gmake[1]: Entering directory '/home/pristu/Documents/School/Gill/rts-research/cyclonedds/local_build/CMakeFiles/CMakeTmp'
Building C object CMakeFiles/cmTC_7d185.dir/CMakeCCompilerABI.c.o
/usr/bin/cc   -v -o CMakeFiles/cmTC_7d185.dir/CMakeCCompilerABI.c.o -c /usr/share/cmake-3.18/Modules/CMakeCCompilerABI.c
Using built-in specs.
COLLECT_GCC=/usr/bin/cc
OFFLOAD_TARGET_NAMES=nvptx-none:amdgcn-amdhsa
OFFLOAD_TARGET_DEFAULT=1
Target: x86_64-linux-gnu
Configured with: ../src/configure -v --with-pkgversion='Ubuntu 11.2.0-7ubuntu2' --with-bugurl=file:///usr/share/doc/gcc-11/README.Bugs --enable-languages=c,ada,c++,go,brig,d,fortran,objc,obj-c++,m2 --prefix=/usr --with-gcc-major-version-only --program-suffix=-11 --program-prefix=x86_64-linux-gnu- --enable-shared --enable-linker-build-id --libexecdir=/usr/lib --without-included-gettext --enable-threads=posix --libdir=/usr/lib --enable-nls --enable-bootstrap --enable-clocale=gnu --enable-libstdcxx-debug --enable-libstdcxx-time=yes --with-default-libstdcxx-abi=new --enable-gnu-unique-object --disable-vtable-verify --enable-plugin --enable-default-pie --with-system-zlib --enable-libphobos-checking=release --with-target-system-zlib=auto --enable-objc-gc=auto --enable-multiarch --disable-werror --enable-cet --with-arch-32=i686 --with-abi=m64 --with-multilib-list=m32,m64,mx32 --enable-multilib --with-tune=generic --enable-offload-targets=nvptx-none=/build/gcc-11-ZPT0kp/gcc-11-11.2.0/debian/tmp-nvptx/usr,amdgcn-amdhsa=/build/gcc-11-ZPT0kp/gcc-11-11.2.0/debian/tmp-gcn/usr --without-cuda-driver --enable-checking=release --build=x86_64-linux-gnu --host=x86_64-linux-gnu --target=x86_64-linux-gnu --with-build-config=bootstrap-lto-lean --enable-link-serialization=2
Thread model: posix
Supported LTO compression algorithms: zlib zstd
gcc version 11.2.0 (Ubuntu 11.2.0-7ubuntu2) 
COLLECT_GCC_OPTIONS='-v' '-o' 'CMakeFiles/cmTC_7d185.dir/CMakeCCompilerABI.c.o' '-c' '-mtune=generic' '-march=x86-64' '-dumpdir' 'CMakeFiles/cmTC_7d185.dir/'
 /usr/lib/gcc/x86_64-linux-gnu/11/cc1 -quiet -v -imultiarch x86_64-linux-gnu /usr/share/cmake-3.18/Modules/CMakeCCompilerABI.c -quiet -dumpdir CMakeFiles/cmTC_7d185.dir/ -dumpbase CMakeCCompilerABI.c.c -dumpbase-ext .c -mtune=generic -march=x86-64 -version -fasynchronous-unwind-tables -fstack-protector-strong -Wformat -Wformat-security -fstack-clash-protection -fcf-protection -o /tmp/ccsYrgl5.s
GNU C17 (Ubuntu 11.2.0-7ubuntu2) version 11.2.0 (x86_64-linux-gnu)
	compiled by GNU C version 11.2.0, GMP version 6.2.1, MPFR version 4.1.0, MPC version 1.2.0, isl version isl-0.24-GMP

GGC heuristics: --param ggc-min-expand=100 --param ggc-min-heapsize=131072
ignoring nonexistent directory "/usr/local/include/x86_64-linux-gnu"
ignoring nonexistent directory "/usr/lib/gcc/x86_64-linux-gnu/11/include-fixed"
ignoring nonexistent directory "/usr/lib/gcc/x86_64-linux-gnu/11/../../../../x86_64-linux-gnu/include"
#include "..." search starts here:
#include <...> search starts here:
 /usr/lib/gcc/x86_64-linux-gnu/11/include
 /usr/local/include
 /usr/include/x86_64-linux-gnu
 /usr/include
End of search list.
GNU C17 (Ubuntu 11.2.0-7ubuntu2) version 11.2.0 (x86_64-linux-gnu)
	compiled by GNU C version 11.2.0, GMP version 6.2.1, MPFR version 4.1.0, MPC version 1.2.0, isl version isl-0.24-GMP

GGC heuristics: --param ggc-min-expand=100 --param ggc-min-heapsize=131072
Compiler executable checksum: f3dd7923bcb266d3f9d710c81aeb9218
COLLECT_GCC_OPTIONS='-v' '-o' 'CMakeFiles/cmTC_7d185.dir/CMakeCCompilerABI.c.o' '-c' '-mtune=generic' '-march=x86-64' '-dumpdir' 'CMakeFiles/cmTC_7d185.dir/'
 as -v --64 -o CMakeFiles/cmTC_7d185.dir/CMakeCCompilerABI.c.o /tmp/ccsYrgl5.s
GNU assembler version 2.37 (x86_64-linux-gnu) using BFD version (GNU Binutils for Ubuntu) 2.37
COMPILER_PATH=/usr/lib/gcc/x86_64-linux-gnu/11/:/usr/lib/gcc/x86_64-linux-gnu/11/:/usr/lib/gcc/x86_64-linux-gnu/:/usr/lib/gcc/x86_64-linux-gnu/11/:/usr/lib/gcc/x86_64-linux-gnu/
LIBRARY_PATH=/usr/lib/gcc/x86_64-linux-gnu/11/:/usr/lib/gcc/x86_64-linux-gnu/11/../../../x86_64-linux-gnu/:/usr/lib/gcc/x86_64-linux-gnu/11/../../../../lib/:/lib/x86_64-linux-gnu/:/lib/../lib/:/usr/lib/x86_64-linux-gnu/:/usr/lib/../lib/:/usr/lib/gcc/x86_64-linux-gnu/11/../../../:/lib/:/usr/lib/
COLLECT_GCC_OPTIONS='-v' '-o' 'CMakeFiles/cmTC_7d185.dir/CMakeCCompilerABI.c.o' '-c' '-mtune=generic' '-march=x86-64' '-dumpdir' 'CMakeFiles/cmTC_7d185.dir/CMakeCCompilerABI.c.'
Linking C executable cmTC_7d185
/usr/bin/cmake -E cmake_link_script CMakeFiles/cmTC_7d185.dir/link.txt --verbose=1
/usr/bin/cc  -v CMakeFiles/cmTC_7d185.dir/CMakeCCompilerABI.c.o -o cmTC_7d185 
Using built-in specs.
COLLECT_GCC=/usr/bin/cc
COLLECT_LTO_WRAPPER=/usr/lib/gcc/x86_64-linux-gnu/11/lto-wrapper
OFFLOAD_TARGET_NAMES=nvptx-none:amdgcn-amdhsa
OFFLOAD_TARGET_DEFAULT=1
Target: x86_64-linux-gnu
Configured with: ../src/configure -v --with-pkgversion='Ubuntu 11.2.0-7ubuntu2' --with-bugurl=file:///usr/share/doc/gcc-11/README.Bugs --enable-languages=c,ada,c++,go,brig,d,fortran,objc,obj-c++,m2 --prefix=/usr --with-gcc-major-version-only --program-suffix=-11 --program-prefix=x86_64-linux-gnu- --enable-shared --enable-linker-build-id --libexecdir=/usr/lib --without-included-gettext --enable-threads=posix --libdir=/usr/lib --enable-nls --enable-bootstrap --enable-clocale=gnu --enable-libstdcxx-debug --enable-libstdcxx-time=yes --with-default-libstdcxx-abi=new --enable-gnu-unique-object --disable-vtable-verify --enable-plugin --enable-default-pie --with-system-zlib --enable-libphobos-checking=release --with-target-system-zlib=auto --enable-objc-gc=auto --enable-multiarch --disable-werror --enable-cet --with-arch-32=i686 --with-abi=m64 --with-multilib-list=m32,m64,mx32 --enable-multilib --with-tune=generic --enable-offload-targets=nvptx-none=/build/gcc-11-ZPT0kp/gcc-11-11.2.0/debian/tmp-nvptx/usr,amdgcn-amdhsa=/build/gcc-11-ZPT0kp/gcc-11-11.2.0/debian/tmp-gcn/usr --without-cuda-driver --enable-checking=release --build=x86_64-linux-gnu --host=x86_64-linux-gnu --target=x86_64-linux-gnu --with-build-config=bootstrap-lto-lean --enable-link-serialization=2
Thread model: posix
Supported LTO compression algorithms: zlib zstd
gcc version 11.2.0 (Ubuntu 11.2.0-7ubuntu2) 
COMPILER_PATH=/usr/lib/gcc/x86_64-linux-gnu/11/:/usr/lib/gcc/x86_64-linux-gnu/11/:/usr/lib/gcc/x86_64-linux-gnu/:/usr/lib/gcc/x86_64-linux-gnu/11/:/usr/lib/gcc/x86_64-linux-gnu/
LIBRARY_PATH=/usr/lib/gcc/x86_64-linux-gnu/11/:/usr/lib/gcc/x86_64-linux-gnu/11/../../../x86_64-linux-gnu/:/usr/lib/gcc/x86_64-linux-gnu/11/../../../../lib/:/lib/x86_64-linux-gnu/:/lib/../lib/:/usr/lib/x86_64-linux-gnu/:/usr/lib/../lib/:/usr/lib/gcc/x86_64-linux-gnu/11/../../../:/lib/:/usr/lib/
COLLECT_GCC_OPTIONS='-v' '-o' 'cmTC_7d185' '-mtune=generic' '-march=x86-64' '-dumpdir' 'cmTC_7d185.'
 /usr/lib/gcc/x86_64-linux-gnu/11/collect2 -plugin /usr/lib/gcc/x86_64-linux-gnu/11/liblto_plugin.so -plugin-opt=/usr/lib/gcc/x86_64-linux-gnu/11/lto-wrapper -plugin-opt=-fresolution=/tmp/ccanhIkT.res -plugin-opt=-pass-through=-lgcc -plugin-opt=-pass-through=-lgcc_s -plugin-opt=-pass-through=-lc -plugin-opt=-pass-through=-lgcc -plugin-opt=-pass-through=-lgcc_s --build-id --eh-frame-hdr -m elf_x86_64 --hash-style=gnu --as-needed -dynamic-linker /lib64/ld-linux-x86-64.so.2 -pie -z now -z relro -o cmTC_7d185 /usr/lib/gcc/x86_64-linux-gnu/11/../../../x86_64-linux-gnu/Scrt1.o /usr/lib/gcc/x86_64-linux-gnu/11/../../../x86_64-linux-gnu/crti.o /usr/lib/gcc/x86_64-linux-gnu/11/crtbeginS.o -L/usr/lib/gcc/x86_64-linux-gnu/11 -L/usr/lib/gcc/x86_64-linux-gnu/11/../../../x86_64-linux-gnu -L/usr/lib/gcc/x86_64-linux-gnu/11/../../../../lib -L/lib/x86_64-linux-gnu -L/lib/../lib -L/usr/lib/x86_64-linux-gnu -L/usr/lib/../lib -L/usr/lib/gcc/x86_64-linux-gnu/11/../../.. CMakeFiles/cmTC_7d185.dir/CMakeCCompilerABI.c.o -lgcc --push-state --as-needed -lgcc_s --pop-state -lc -lgcc --push-state --as-needed -lgcc_s --pop-state /usr/lib/gcc/x86_64-linux-gnu/11/crtendS.o /usr/lib/gcc/x86_64-linux-gnu/11/../../../x86_64-linux-gnu/crtn.o
COLLECT_GCC_OPTIONS='-v' '-o' 'cmTC_7d185' '-mtune=generic' '-march=x86-64' '-dumpdir' 'cmTC_7d185.'
gmake[1]: Leaving directory '/home/pristu/Documents/School/Gill/rts-research/cyclonedds/local_build/CMakeFiles/CMakeTmp'



Parsed C implicit include dir info from above output: rv=done
  found start of include info
  found start of implicit include info
    add: [/usr/lib/gcc/x86_64-linux-gnu/11/include]
    add: [/usr/local/include]
    add: [/usr/include/x86_64-linux-gnu]
    add: [/usr/include]
  end of search list found
  collapse include dir [/usr/lib/gcc/x86_64-linux-gnu/11/include] ==> [/usr/lib/gcc/x86_64-linux-gnu/11/include]
  collapse include dir [/usr/local/include] ==> [/usr/local/include]
  collapse include dir [/usr/include/x86_64-linux-gnu] ==> [/usr/include/x86_64-linux-gnu]
  collapse include dir [/usr/include] ==> [/usr/include]
  implicit include dirs: [/usr/lib/gcc/x86_64-linux-gnu/11/include;/usr/local/include;/usr/include/x86_64-linux-gnu;/usr/include]


Parsed C implicit link information from above output:
  link line regex: [^( *|.*[/\])(ld|CMAKE_LINK_STARTFILE-NOTFOUND|([^/\]+-)?ld|collect2)[^/\]*( |$)]
  ignore line: [Change Dir: /home/pristu/Documents/School/Gill/rts-research/cyclonedds/local_build/CMakeFiles/CMakeTmp]
  ignore line: []
  ignore line: [Run Build Command(s):/usr/bin/gmake cmTC_7d185/fast && /usr/bin/gmake  -f CMakeFiles/cmTC_7d185.dir/build.make CMakeFiles/cmTC_7d185.dir/build]
  ignore line: [gmake[1]: Entering directory '/home/pristu/Documents/School/Gill/rts-research/cyclonedds/local_build/CMakeFiles/CMakeTmp']
  ignore line: [Building C object CMakeFiles/cmTC_7d185.dir/CMakeCCompilerABI.c.o]
  ignore line: [/usr/bin/cc   -v -o CMakeFiles/cmTC_7d185.dir/CMakeCCompilerABI.c.o -c /usr/share/cmake-3.18/Modules/CMakeCCompilerABI.c]
  ignore line: [Using built-in specs.]
  ignore line: [COLLECT_GCC=/usr/bin/cc]
  ignore line: [OFFLOAD_TARGET_NAMES=nvptx-none:amdgcn-amdhsa]
  ignore line: [OFFLOAD_TARGET_DEFAULT=1]
  ignore line: [Target: x86_64-linux-gnu]
  ignore line: [Configured with: ../src/configure -v --with-pkgversion='Ubuntu 11.2.0-7ubuntu2' --with-bugurl=file:///usr/share/doc/gcc-11/README.Bugs --enable-languages=c ada c++ go brig d fortran objc obj-c++ m2 --prefix=/usr --with-gcc-major-version-only --program-suffix=-11 --program-prefix=x86_64-linux-gnu- --enable-shared --enable-linker-build-id --libexecdir=/usr/lib --without-included-gettext --enable-threads=posix --libdir=/usr/lib --enable-nls --enable-bootstrap --enable-clocale=gnu --enable-libstdcxx-debug --enable-libstdcxx-time=yes --with-default-libstdcxx-abi=new --enable-gnu-unique-object --disable-vtable-verify --enable-plugin --enable-default-pie --with-system-zlib --enable-libphobos-checking=release --with-target-system-zlib=auto --enable-objc-gc=auto --enable-multiarch --disable-werror --enable-cet --with-arch-32=i686 --with-abi=m64 --with-multilib-list=m32 m64 mx32 --enable-multilib --with-tune=generic --enable-offload-targets=nvptx-none=/build/gcc-11-ZPT0kp/gcc-11-11.2.0/debian/tmp-nvptx/usr amdgcn-amdhsa=/build/gcc-11-ZPT0kp/gcc-11-11.2.0/debian/tmp-gcn/usr --without-cuda-driver --enable-checking=release --build=x86_64-linux-gnu --host=x86_64-linux-gnu --target=x86_64-linux-gnu --with-build-config=bootstrap-lto-lean --enable-link-serialization=2]
  ignore line: [Thread model: posix]
  ignore line: [Supported LTO compression algorithms: zlib zstd]
  ignore line: [gcc version 11.2.0 (Ubuntu 11.2.0-7ubuntu2) ]
  ignore line: [COLLECT_GCC_OPTIONS='-v' '-o' 'CMakeFiles/cmTC_7d185.dir/CMakeCCompilerABI.c.o' '-c' '-mtune=generic' '-march=x86-64' '-dumpdir' 'CMakeFiles/cmTC_7d185.dir/']
  ignore line: [ /usr/lib/gcc/x86_64-linux-gnu/11/cc1 -quiet -v -imultiarch x86_64-linux-gnu /usr/share/cmake-3.18/Modules/CMakeCCompilerABI.c -quiet -dumpdir CMakeFiles/cmTC_7d185.dir/ -dumpbase CMakeCCompilerABI.c.c -dumpbase-ext .c -mtune=generic -march=x86-64 -version -fasynchronous-unwind-tables -fstack-protector-strong -Wformat -Wformat-security -fstack-clash-protection -fcf-protection -o /tmp/ccsYrgl5.s]
  ignore line: [GNU C17 (Ubuntu 11.2.0-7ubuntu2) version 11.2.0 (x86_64-linux-gnu)]
  ignore line: [	compiled by GNU C version 11.2.0  GMP version 6.2.1  MPFR version 4.1.0  MPC version 1.2.0  isl version isl-0.24-GMP]
  ignore line: []
  ignore line: [GGC heuristics: --param ggc-min-expand=100 --param ggc-min-heapsize=131072]
  ignore line: [ignoring nonexistent directory "/usr/local/include/x86_64-linux-gnu"]
  ignore line: [ignoring nonexistent directory "/usr/lib/gcc/x86_64-linux-gnu/11/include-fixed"]
  ignore line: [ignoring nonexistent directory "/usr/lib/gcc/x86_64-linux-gnu/11/../../../../x86_64-linux-gnu/include"]
  ignore line: [#include "..." search starts here:]
  ignore line: [#include <...> search starts here:]
  ignore line: [ /usr/lib/gcc/x86_64-linux-gnu/11/include]
  ignore line: [ /usr/local/include]
  ignore line: [ /usr/include/x86_64-linux-gnu]
  ignore line: [ /usr/include]
  ignore line: [End of search list.]
  ignore line: [GNU C17 (Ubuntu 11.2.0-7ubuntu2) version 11.2.0 (x86_64-linux-gnu)]
  ignore line: [	compiled by GNU C version 11.2.0  GMP version 6.2.1  MPFR version 4.1.0  MPC version 1.2.0  isl version isl-0.24-GMP]
  ignore line: []
  ignore line: [GGC heuristics: --param ggc-min-expand=100 --param ggc-min-heapsize=131072]
  ignore line: [Compiler executable checksum: f3dd7923bcb266d3f9d710c81aeb9218]
  ignore line: [COLLECT_GCC_OPTIONS='-v' '-o' 'CMakeFiles/cmTC_7d185.dir/CMakeCCompilerABI.c.o' '-c' '-mtune=generic' '-march=x86-64' '-dumpdir' 'CMakeFiles/cmTC_7d185.dir/']
  ignore line: [ as -v --64 -o CMakeFiles/cmTC_7d185.dir/CMakeCCompilerABI.c.o /tmp/ccsYrgl5.s]
  ignore line: [GNU assembler version 2.37 (x86_64-linux-gnu) using BFD version (GNU Binutils for Ubuntu) 2.37]
  ignore line: [COMPILER_PATH=/usr/lib/gcc/x86_64-linux-gnu/11/:/usr/lib/gcc/x86_64-linux-gnu/11/:/usr/lib/gcc/x86_64-linux-gnu/:/usr/lib/gcc/x86_64-linux-gnu/11/:/usr/lib/gcc/x86_64-linux-gnu/]
  ignore line: [LIBRARY_PATH=/usr/lib/gcc/x86_64-linux-gnu/11/:/usr/lib/gcc/x86_64-linux-gnu/11/../../../x86_64-linux-gnu/:/usr/lib/gcc/x86_64-linux-gnu/11/../../../../lib/:/lib/x86_64-linux-gnu/:/lib/../lib/:/usr/lib/x86_64-linux-gnu/:/usr/lib/../lib/:/usr/lib/gcc/x86_64-linux-gnu/11/../../../:/lib/:/usr/lib/]
  ignore line: [COLLECT_GCC_OPTIONS='-v' '-o' 'CMakeFiles/cmTC_7d185.dir/CMakeCCompilerABI.c.o' '-c' '-mtune=generic' '-march=x86-64' '-dumpdir' 'CMakeFiles/cmTC_7d185.dir/CMakeCCompilerABI.c.']
  ignore line: [Linking C executable cmTC_7d185]
  ignore line: [/usr/bin/cmake -E cmake_link_script CMakeFiles/cmTC_7d185.dir/link.txt --verbose=1]
  ignore line: [/usr/bin/cc  -v CMakeFiles/cmTC_7d185.dir/CMakeCCompilerABI.c.o -o cmTC_7d185 ]
  ignore line: [Using built-in specs.]
  ignore line: [COLLECT_GCC=/usr/bin/cc]
  ignore line: [COLLECT_LTO_WRAPPER=/usr/lib/gcc/x86_64-linux-gnu/11/lto-wrapper]
  ignore line: [OFFLOAD_TARGET_NAMES=nvptx-none:amdgcn-amdhsa]
  ignore line: [OFFLOAD_TARGET_DEFAULT=1]
  ignore line: [Target: x86_64-linux-gnu]
  ignore line: [Configured with: ../src/configure -v --with-pkgversion='Ubuntu 11.2.0-7ubuntu2' --with-bugurl=file:///usr/share/doc/gcc-11/README.Bugs --enable-languages=c ada c++ go brig d fortran objc obj-c++ m2 --prefix=/usr --with-gcc-major-version-only --program-suffix=-11 --program-prefix=x86_64-linux-gnu- --enable-shared --enable-linker-build-id --libexecdir=/usr/lib --without-included-gettext --enable-threads=posix --libdir=/usr/lib --enable-nls --enable-bootstrap --enable-clocale=gnu --enable-libstdcxx-debug --enable-libstdcxx-time=yes --with-default-libstdcxx-abi=new --enable-gnu-unique-object --disable-vtable-verify --enable-plugin --enable-default-pie --with-system-zlib --enable-libphobos-checking=release --with-target-system-zlib=auto --enable-objc-gc=auto --enable-multiarch --disable-werror --enable-cet --with-arch-32=i686 --with-abi=m64 --with-multilib-list=m32 m64 mx32 --enable-multilib --with-tune=generic --enable-offload-targets=nvptx-none=/build/gcc-11-ZPT0kp/gcc-11-11.2.0/debian/tmp-nvptx/usr amdgcn-amdhsa=/build/gcc-11-ZPT0kp/gcc-11-11.2.0/debian/tmp-gcn/usr --without-cuda-driver --enable-checking=release --build=x86_64-linux-gnu --host=x86_64-linux-gnu --target=x86_64-linux-gnu --with-build-config=bootstrap-lto-lean --enable-link-serialization=2]
  ignore line: [Thread model: posix]
  ignore line: [Supported LTO compression algorithms: zlib zstd]
  ignore line: [gcc version 11.2.0 (Ubuntu 11.2.0-7ubuntu2) ]
  ignore line: [COMPILER_PATH=/usr/lib/gcc/x86_64-linux-gnu/11/:/usr/lib/gcc/x86_64-linux-gnu/11/:/usr/lib/gcc/x86_64-linux-gnu/:/usr/lib/gcc/x86_64-linux-gnu/11/:/usr/lib/gcc/x86_64-linux-gnu/]
  ignore line: [LIBRARY_PATH=/usr/lib/gcc/x86_64-linux-gnu/11/:/usr/lib/gcc/x86_64-linux-gnu/11/../../../x86_64-linux-gnu/:/usr/lib/gcc/x86_64-linux-gnu/11/../../../../lib/:/lib/x86_64-linux-gnu/:/lib/../lib/:/usr/lib/x86_64-linux-gnu/:/usr/lib/../lib/:/usr/lib/gcc/x86_64-linux-gnu/11/../../../:/lib/:/usr/lib/]
  ignore line: [COLLECT_GCC_OPTIONS='-v' '-o' 'cmTC_7d185' '-mtune=generic' '-march=x86-64' '-dumpdir' 'cmTC_7d185.']
  link line: [ /usr/lib/gcc/x86_64-linux-gnu/11/collect2 -plugin /usr/lib/gcc/x86_64-linux-gnu/11/liblto_plugin.so -plugin-opt=/usr/lib/gcc/x86_64-linux-gnu/11/lto-wrapper -plugin-opt=-fresolution=/tmp/ccanhIkT.res -plugin-opt=-pass-through=-lgcc -plugin-opt=-pass-through=-lgcc_s -plugin-opt=-pass-through=-lc -plugin-opt=-pass-through=-lgcc -plugin-opt=-pass-through=-lgcc_s --build-id --eh-frame-hdr -m elf_x86_64 --hash-style=gnu --as-needed -dynamic-linker /lib64/ld-linux-x86-64.so.2 -pie -z now -z relro -o cmTC_7d185 /usr/lib/gcc/x86_64-linux-gnu/11/../../../x86_64-linux-gnu/Scrt1.o /usr/lib/gcc/x86_64-linux-gnu/11/../../../x86_64-linux-gnu/crti.o /usr/lib/gcc/x86_64-linux-gnu/11/crtbeginS.o -L/usr/lib/gcc/x86_64-linux-gnu/11 -L/usr/lib/gcc/x86_64-linux-gnu/11/../../../x86_64-linux-gnu -L/usr/lib/gcc/x86_64-linux-gnu/11/../../../../lib -L/lib/x86_64-linux-gnu -L/lib/../lib -L/usr/lib/x86_64-linux-gnu -L/usr/lib/../lib -L/usr/lib/gcc/x86_64-linux-gnu/11/../../.. CMakeFiles/cmTC_7d185.dir/CMakeCCompilerABI.c.o -lgcc --push-state --as-needed -lgcc_s --pop-state -lc -lgcc --push-state --as-needed -lgcc_s --pop-state /usr/lib/gcc/x86_64-linux-gnu/11/crtendS.o /usr/lib/gcc/x86_64-linux-gnu/11/../../../x86_64-linux-gnu/crtn.o]
    arg [/usr/lib/gcc/x86_64-linux-gnu/11/collect2] ==> ignore
    arg [-plugin] ==> ignore
    arg [/usr/lib/gcc/x86_64-linux-gnu/11/liblto_plugin.so] ==> ignore
    arg [-plugin-opt=/usr/lib/gcc/x86_64-linux-gnu/11/lto-wrapper] ==> ignore
    arg [-plugin-opt=-fresolution=/tmp/ccanhIkT.res] ==> ignore
    arg [-plugin-opt=-pass-through=-lgcc] ==> ignore
    arg [-plugin-opt=-pass-through=-lgcc_s] ==> ignore
    arg [-plugin-opt=-pass-through=-lc] ==> ignore
    arg [-plugin-opt=-pass-through=-lgcc] ==> ignore
    arg [-plugin-opt=-pass-through=-lgcc_s] ==> ignore
    arg [--build-id] ==> ignore
    arg [--eh-frame-hdr] ==> ignore
    arg [-m] ==> ignore
    arg [elf_x86_64] ==> ignore
    arg [--hash-style=gnu] ==> ignore
    arg [--as-needed] ==> ignore
    arg [-dynamic-linker] ==> ignore
    arg [/lib64/ld-linux-x86-64.so.2] ==> ignore
    arg [-pie] ==> ignore
    arg [-znow] ==> ignore
    arg [-zrelro] ==> ignore
    arg [-o] ==> ignore
    arg [cmTC_7d185] ==> ignore
    arg [/usr/lib/gcc/x86_64-linux-gnu/11/../../../x86_64-linux-gnu/Scrt1.o] ==> ignore
    arg [/usr/lib/gcc/x86_64-linux-gnu/11/../../../x86_64-linux-gnu/crti.o] ==> ignore
    arg [/usr/lib/gcc/x86_64-linux-gnu/11/crtbeginS.o] ==> ignore
    arg [-L/usr/lib/gcc/x86_64-linux-gnu/11] ==> dir [/usr/lib/gcc/x86_64-linux-gnu/11]
    arg [-L/usr/lib/gcc/x86_64-linux-gnu/11/../../../x86_64-linux-gnu] ==> dir [/usr/lib/gcc/x86_64-linux-gnu/11/../../../x86_64-linux-gnu]
    arg [-L/usr/lib/gcc/x86_64-linux-gnu/11/../../../../lib] ==> dir [/usr/lib/gcc/x86_64-linux-gnu/11/../../../../lib]
    arg [-L/lib/x86_64-linux-gnu] ==> dir [/lib/x86_64-linux-gnu]
    arg [-L/lib/../lib] ==> dir [/lib/../lib]
    arg [-L/usr/lib/x86_64-linux-gnu] ==> dir [/usr/lib/x86_64-linux-gnu]
    arg [-L/usr/lib/../lib] ==> dir [/usr/lib/../lib]
    arg [-L/usr/lib/gcc/x86_64-linux-gnu/11/../../..] ==> dir [/usr/lib/gcc/x86_64-linux-gnu/11/../../..]
    arg [CMakeFiles/cmTC_7d185.dir/CMakeCCompilerABI.c.o] ==> ignore
    arg [-lgcc] ==> lib [gcc]
    arg [--push-state] ==> ignore
    arg [--as-needed] ==> ignore
    arg [-lgcc_s] ==> lib [gcc_s]
    arg [--pop-state] ==> ignore
    arg [-lc] ==> lib [c]
    arg [-lgcc] ==> lib [gcc]
    arg [--push-state] ==> ignore
    arg [--as-needed] ==> ignore
    arg [-lgcc_s] ==> lib [gcc_s]
    arg [--pop-state] ==> ignore
    arg [/usr/lib/gcc/x86_64-linux-gnu/11/crtendS.o] ==> ignore
    arg [/usr/lib/gcc/x86_64-linux-gnu/11/../../../x86_64-linux-gnu/crtn.o] ==> ignore
  collapse library dir [/usr/lib/gcc/x86_64-linux-gnu/11] ==> [/usr/lib/gcc/x86_64-linux-gnu/11]
  collapse library dir [/usr/lib/gcc/x86_64-linux-gnu/11/../../../x86_64-linux-gnu] ==> [/usr/lib/x86_64-linux-gnu]
  collapse library dir [/usr/lib/gcc/x86_64-linux-gnu/11/../../../../lib] ==> [/usr/lib]
  collapse library dir [/lib/x86_64-linux-gnu] ==> [/lib/x86_64-linux-gnu]
  collapse library dir [/lib/../lib] ==> [/lib]
  collapse library dir [/usr/lib/x86_64-linux-gnu] ==> [/usr/lib/x86_64-linux-gnu]
  collapse library dir [/usr/lib/../lib] ==> [/usr/lib]
  collapse library dir [/usr/lib/gcc/x86_64-linux-gnu/11/../../..] ==> [/usr/lib]
  implicit libs: [gcc;gcc_s;c;gcc;gcc_s]
  implicit dirs: [/usr/lib/gcc/x86_64-linux-gnu/11;/usr/lib/x86_64-linux-gnu;/usr/lib;/lib/x86_64-linux-gnu;/lib]
  implicit fwks: []


Determining if the include file getopt.h exists passed with the following output:
Change Dir: /home/pristu/Documents/School/Gill/rts-research/cyclonedds/local_build/CMakeFiles/CMakeTmp

Run Build Command(s):/usr/bin/gmake cmTC_c1bf4/fast && /usr/bin/gmake  -f CMakeFiles/cmTC_c1bf4.dir/build.make CMakeFiles/cmTC_c1bf4.dir/build
gmake[1]: Entering directory '/home/pristu/Documents/School/Gill/rts-research/cyclonedds/local_build/CMakeFiles/CMakeTmp'
Building C object CMakeFiles/cmTC_c1bf4.dir/CheckIncludeFile.c.o
/usr/bin/cc   -std=gnu99 -o CMakeFiles/cmTC_c1bf4.dir/CheckIncludeFile.c.o -c /home/pristu/Documents/School/Gill/rts-research/cyclonedds/local_build/CMakeFiles/CMakeTmp/CheckIncludeFile.c
Linking C executable cmTC_c1bf4
/usr/bin/cmake -E cmake_link_script CMakeFiles/cmTC_c1bf4.dir/link.txt --verbose=1
/usr/bin/cc CMakeFiles/cmTC_c1bf4.dir/CheckIncludeFile.c.o -o cmTC_c1bf4 
gmake[1]: Leaving directory '/home/pristu/Documents/School/Gill/rts-research/cyclonedds/local_build/CMakeFiles/CMakeTmp'



Determining if the include file stdint.h exists passed with the following output:
Change Dir: /home/pristu/Documents/School/Gill/rts-research/cyclonedds/local_build/CMakeFiles/CMakeTmp

Run Build Command(s):/usr/bin/gmake cmTC_982c7/fast && /usr/bin/gmake  -f CMakeFiles/cmTC_982c7.dir/build.make CMakeFiles/cmTC_982c7.dir/build
gmake[1]: Entering directory '/home/pristu/Documents/School/Gill/rts-research/cyclonedds/local_build/CMakeFiles/CMakeTmp'
Building C object CMakeFiles/cmTC_982c7.dir/CheckIncludeFile.c.o
/usr/bin/cc   -std=gnu99 -o CMakeFiles/cmTC_982c7.dir/CheckIncludeFile.c.o -c /home/pristu/Documents/School/Gill/rts-research/cyclonedds/local_build/CMakeFiles/CMakeTmp/CheckIncludeFile.c
Linking C executable cmTC_982c7
/usr/bin/cmake -E cmake_link_script CMakeFiles/cmTC_982c7.dir/link.txt --verbose=1
/usr/bin/cc CMakeFiles/cmTC_982c7.dir/CheckIncludeFile.c.o -o cmTC_982c7 
gmake[1]: Leaving directory '/home/pristu/Documents/School/Gill/rts-research/cyclonedds/local_build/CMakeFiles/CMakeTmp'



Determining if the include file inttypes.h exists passed with the following output:
Change Dir: /home/pristu/Documents/School/Gill/rts-research/cyclonedds/local_build/CMakeFiles/CMakeTmp

Run Build Command(s):/usr/bin/gmake cmTC_c91d2/fast && /usr/bin/gmake  -f CMakeFiles/cmTC_c91d2.dir/build.make CMakeFiles/cmTC_c91d2.dir/build
gmake[1]: Entering directory '/home/pristu/Documents/School/Gill/rts-research/cyclonedds/local_build/CMakeFiles/CMakeTmp'
Building C object CMakeFiles/cmTC_c91d2.dir/CheckIncludeFile.c.o
/usr/bin/cc   -std=gnu99 -o CMakeFiles/cmTC_c91d2.dir/CheckIncludeFile.c.o -c /home/pristu/Documents/School/Gill/rts-research/cyclonedds/local_build/CMakeFiles/CMakeTmp/CheckIncludeFile.c
Linking C executable cmTC_c91d2
/usr/bin/cmake -E cmake_link_script CMakeFiles/cmTC_c91d2.dir/link.txt --verbose=1
/usr/bin/cc CMakeFiles/cmTC_c91d2.dir/CheckIncludeFile.c.o -o cmTC_c91d2 
gmake[1]: Leaving directory '/home/pristu/Documents/School/Gill/rts-research/cyclonedds/local_build/CMakeFiles/CMakeTmp'



Determining if the include file sys/types.h exists passed with the following output:
Change Dir: /home/pristu/Documents/School/Gill/rts-research/cyclonedds/local_build/CMakeFiles/CMakeTmp

Run Build Command(s):/usr/bin/gmake cmTC_4870e/fast && /usr/bin/gmake  -f CMakeFiles/cmTC_4870e.dir/build.make CMakeFiles/cmTC_4870e.dir/build
gmake[1]: Entering directory '/home/pristu/Documents/School/Gill/rts-research/cyclonedds/local_build/CMakeFiles/CMakeTmp'
Building C object CMakeFiles/cmTC_4870e.dir/CheckIncludeFile.c.o
/usr/bin/cc   -std=gnu99 -o CMakeFiles/cmTC_4870e.dir/CheckIncludeFile.c.o -c /home/pristu/Documents/School/Gill/rts-research/cyclonedds/local_build/CMakeFiles/CMakeTmp/CheckIncludeFile.c
Linking C executable cmTC_4870e
/usr/bin/cmake -E cmake_link_script CMakeFiles/cmTC_4870e.dir/link.txt --verbose=1
/usr/bin/cc CMakeFiles/cmTC_4870e.dir/CheckIncludeFile.c.o -o cmTC_4870e 
gmake[1]: Leaving directory '/home/pristu/Documents/School/Gill/rts-research/cyclonedds/local_build/CMakeFiles/CMakeTmp'



Determining if the include file stdint.h exists passed with the following output:
Change Dir: /home/pristu/Documents/School/Gill/rts-research/cyclonedds/local_build/CMakeFiles/CMakeTmp

Run Build Command(s):/usr/bin/gmake cmTC_46fc1/fast && /usr/bin/gmake  -f CMakeFiles/cmTC_46fc1.dir/build.make CMakeFiles/cmTC_46fc1.dir/build
gmake[1]: Entering directory '/home/pristu/Documents/School/Gill/rts-research/cyclonedds/local_build/CMakeFiles/CMakeTmp'
Building C object CMakeFiles/cmTC_46fc1.dir/CheckIncludeFile.c.o
/usr/bin/cc   -std=gnu99 -o CMakeFiles/cmTC_46fc1.dir/CheckIncludeFile.c.o -c /home/pristu/Documents/School/Gill/rts-research/cyclonedds/local_build/CMakeFiles/CMakeTmp/CheckIncludeFile.c
Linking C executable cmTC_46fc1
/usr/bin/cmake -E cmake_link_script CMakeFiles/cmTC_46fc1.dir/link.txt --verbose=1
/usr/bin/cc CMakeFiles/cmTC_46fc1.dir/CheckIncludeFile.c.o -o cmTC_46fc1 
gmake[1]: Leaving directory '/home/pristu/Documents/School/Gill/rts-research/cyclonedds/local_build/CMakeFiles/CMakeTmp'



Determining if the include file stddef.h exists passed with the following output:
Change Dir: /home/pristu/Documents/School/Gill/rts-research/cyclonedds/local_build/CMakeFiles/CMakeTmp

Run Build Command(s):/usr/bin/gmake cmTC_53fa1/fast && /usr/bin/gmake  -f CMakeFiles/cmTC_53fa1.dir/build.make CMakeFiles/cmTC_53fa1.dir/build
gmake[1]: Entering directory '/home/pristu/Documents/School/Gill/rts-research/cyclonedds/local_build/CMakeFiles/CMakeTmp'
Building C object CMakeFiles/cmTC_53fa1.dir/CheckIncludeFile.c.o
/usr/bin/cc   -std=gnu99 -o CMakeFiles/cmTC_53fa1.dir/CheckIncludeFile.c.o -c /home/pristu/Documents/School/Gill/rts-research/cyclonedds/local_build/CMakeFiles/CMakeTmp/CheckIncludeFile.c
Linking C executable cmTC_53fa1
/usr/bin/cmake -E cmake_link_script CMakeFiles/cmTC_53fa1.dir/link.txt --verbose=1
/usr/bin/cc CMakeFiles/cmTC_53fa1.dir/CheckIncludeFile.c.o -o cmTC_53fa1 
gmake[1]: Leaving directory '/home/pristu/Documents/School/Gill/rts-research/cyclonedds/local_build/CMakeFiles/CMakeTmp'



Determining size of intmax_t passed with the following output:
Change Dir: /home/pristu/Documents/School/Gill/rts-research/cyclonedds/local_build/CMakeFiles/CMakeTmp

Run Build Command(s):/usr/bin/gmake cmTC_95b2a/fast && /usr/bin/gmake  -f CMakeFiles/cmTC_95b2a.dir/build.make CMakeFiles/cmTC_95b2a.dir/build
gmake[1]: Entering directory '/home/pristu/Documents/School/Gill/rts-research/cyclonedds/local_build/CMakeFiles/CMakeTmp'
Building C object CMakeFiles/cmTC_95b2a.dir/_size.c.o
/usr/bin/cc   -std=gnu99 -o CMakeFiles/cmTC_95b2a.dir/_size.c.o -c /home/pristu/Documents/School/Gill/rts-research/cyclonedds/local_build/CMakeFiles/CheckTypeSize/_size.c
Linking C executable cmTC_95b2a
/usr/bin/cmake -E cmake_link_script CMakeFiles/cmTC_95b2a.dir/link.txt --verbose=1
/usr/bin/cc CMakeFiles/cmTC_95b2a.dir/_size.c.o -o cmTC_95b2a 
gmake[1]: Leaving directory '/home/pristu/Documents/School/Gill/rts-research/cyclonedds/local_build/CMakeFiles/CMakeTmp'



Determining if the stpcpy exist passed with the following output:
Change Dir: /home/pristu/Documents/School/Gill/rts-research/cyclonedds/local_build/CMakeFiles/CMakeTmp

Run Build Command(s):/usr/bin/gmake cmTC_bf81f/fast && /usr/bin/gmake  -f CMakeFiles/cmTC_bf81f.dir/build.make CMakeFiles/cmTC_bf81f.dir/build
gmake[1]: Entering directory '/home/pristu/Documents/School/Gill/rts-research/cyclonedds/local_build/CMakeFiles/CMakeTmp'
Building C object CMakeFiles/cmTC_bf81f.dir/CheckSymbolExists.c.o
/usr/bin/cc   -std=gnu99 -o CMakeFiles/cmTC_bf81f.dir/CheckSymbolExists.c.o -c /home/pristu/Documents/School/Gill/rts-research/cyclonedds/local_build/CMakeFiles/CMakeTmp/CheckSymbolExists.c
Linking C executable cmTC_bf81f
/usr/bin/cmake -E cmake_link_script CMakeFiles/cmTC_bf81f.dir/link.txt --verbose=1
/usr/bin/cc CMakeFiles/cmTC_bf81f.dir/CheckSymbolExists.c.o -o cmTC_bf81f 
gmake[1]: Leaving directory '/home/pristu/Documents/School/Gill/rts-research/cyclonedds/local_build/CMakeFiles/CMakeTmp'


File /home/pristu/Documents/School/Gill/rts-research/cyclonedds/local_build/CMakeFiles/CMakeTmp/CheckSymbolExists.c:
/* */
#include <string.h>

int main(int argc, char** argv)
{
  (void)argv;
#ifndef stpcpy
  return ((int*)(&stpcpy))[argc];
#else
  (void)argc;
  return 0;
#endif
}
Performing C SOURCE FILE Test COMPILER_HAS_HIDDEN_VISIBILITY succeeded with the following output:
Change Dir: /home/pristu/Documents/School/Gill/rts-research/cyclonedds/local_build/CMakeFiles/CMakeTmp

Run Build Command(s):/usr/bin/gmake cmTC_63f84/fast && /usr/bin/gmake  -f CMakeFiles/cmTC_63f84.dir/build.make CMakeFiles/cmTC_63f84.dir/build
gmake[1]: Entering directory '/home/pristu/Documents/School/Gill/rts-research/cyclonedds/local_build/CMakeFiles/CMakeTmp'
Building C object CMakeFiles/cmTC_63f84.dir/src.c.o
/usr/bin/cc   -DCOMPILER_HAS_HIDDEN_VISIBILITY   -fvisibility=hidden -std=gnu99 -o CMakeFiles/cmTC_63f84.dir/src.c.o -c /home/pristu/Documents/School/Gill/rts-research/cyclonedds/local_build/CMakeFiles/CMakeTmp/src.c
Linking C executable cmTC_63f84
/usr/bin/cmake -E cmake_link_script CMakeFiles/cmTC_63f84.dir/link.txt --verbose=1
/usr/bin/cc  -DCOMPILER_HAS_HIDDEN_VISIBILITY CMakeFiles/cmTC_63f84.dir/src.c.o -o cmTC_63f84 
gmake[1]: Leaving directory '/home/pristu/Documents/School/Gill/rts-research/cyclonedds/local_build/CMakeFiles/CMakeTmp'


Source file was:
int main(void) { return 0; }
Performing C SOURCE FILE Test COMPILER_HAS_HIDDEN_INLINE_VISIBILITY succeeded with the following output:
Change Dir: /home/pristu/Documents/School/Gill/rts-research/cyclonedds/local_build/CMakeFiles/CMakeTmp

Run Build Command(s):/usr/bin/gmake cmTC_3ef84/fast && /usr/bin/gmake  -f CMakeFiles/cmTC_3ef84.dir/build.make CMakeFiles/cmTC_3ef84.dir/build
gmake[1]: Entering directory '/home/pristu/Documents/School/Gill/rts-research/cyclonedds/local_build/CMakeFiles/CMakeTmp'
Building C object CMakeFiles/cmTC_3ef84.dir/src.c.o
/usr/bin/cc   -DCOMPILER_HAS_HIDDEN_INLINE_VISIBILITY   -fvisibility-inlines-hidden -std=gnu99 -o CMakeFiles/cmTC_3ef84.dir/src.c.o -c /home/pristu/Documents/School/Gill/rts-research/cyclonedds/local_build/CMakeFiles/CMakeTmp/src.c
cc1: warning: command-line option '-fvisibility-inlines-hidden' is valid for C++/ObjC++ but not for C
Linking C executable cmTC_3ef84
/usr/bin/cmake -E cmake_link_script CMakeFiles/cmTC_3ef84.dir/link.txt --verbose=1
/usr/bin/cc  -DCOMPILER_HAS_HIDDEN_INLINE_VISIBILITY CMakeFiles/cmTC_3ef84.dir/src.c.o -o cmTC_3ef84 
gmake[1]: Leaving directory '/home/pristu/Documents/School/Gill/rts-research/cyclonedds/local_build/CMakeFiles/CMakeTmp'


Source file was:
int main(void) { return 0; }
Performing C SOURCE FILE Test COMPILER_HAS_DEPRECATED_ATTR succeeded with the following output:
Change Dir: /home/pristu/Documents/School/Gill/rts-research/cyclonedds/local_build/CMakeFiles/CMakeTmp

Run Build Command(s):/usr/bin/gmake cmTC_216b9/fast && /usr/bin/gmake  -f CMakeFiles/cmTC_216b9.dir/build.make CMakeFiles/cmTC_216b9.dir/build
gmake[1]: Entering directory '/home/pristu/Documents/School/Gill/rts-research/cyclonedds/local_build/CMakeFiles/CMakeTmp'
Building C object CMakeFiles/cmTC_216b9.dir/src.c.o
/usr/bin/cc   -DCOMPILER_HAS_DEPRECATED_ATTR -std=gnu99 -o CMakeFiles/cmTC_216b9.dir/src.c.o -c /home/pristu/Documents/School/Gill/rts-research/cyclonedds/local_build/CMakeFiles/CMakeTmp/src.c
/home/pristu/Documents/School/Gill/rts-research/cyclonedds/local_build/CMakeFiles/CMakeTmp/src.c: In function ‘main’:
/home/pristu/Documents/School/Gill/rts-research/cyclonedds/local_build/CMakeFiles/CMakeTmp/src.c:2:5: warning: ‘somefunc’ is deprecated [-Wdeprecated-declarations]
    2 |     int main() { return somefunc();}
      |     ^~~
/home/pristu/Documents/School/Gill/rts-research/cyclonedds/local_build/CMakeFiles/CMakeTmp/src.c:1:37: note: declared here
    1 | __attribute__((__deprecated__)) int somefunc() { return 0; }
      |                                     ^~~~~~~~
Linking C executable cmTC_216b9
/usr/bin/cmake -E cmake_link_script CMakeFiles/cmTC_216b9.dir/link.txt --verbose=1
/usr/bin/cc  -DCOMPILER_HAS_DEPRECATED_ATTR CMakeFiles/cmTC_216b9.dir/src.c.o -o cmTC_216b9 
gmake[1]: Leaving directory '/home/pristu/Documents/School/Gill/rts-research/cyclonedds/local_build/CMakeFiles/CMakeTmp'


Source file was:
__attribute__((__deprecated__)) int somefunc() { return 0; }
    int main() { return somefunc();}
Determining if the gethostname exist passed with the following output:
Change Dir: /home/pristu/Documents/School/Gill/rts-research/cyclonedds/local_build/CMakeFiles/CMakeTmp

Run Build Command(s):/usr/bin/gmake cmTC_2adc2/fast && /usr/bin/gmake  -f CMakeFiles/cmTC_2adc2.dir/build.make CMakeFiles/cmTC_2adc2.dir/build
gmake[1]: Entering directory '/home/pristu/Documents/School/Gill/rts-research/cyclonedds/local_build/CMakeFiles/CMakeTmp'
Building C object CMakeFiles/cmTC_2adc2.dir/CheckSymbolExists.c.o
/usr/bin/cc   -std=gnu99 -o CMakeFiles/cmTC_2adc2.dir/CheckSymbolExists.c.o -c /home/pristu/Documents/School/Gill/rts-research/cyclonedds/local_build/CMakeFiles/CMakeTmp/CheckSymbolExists.c
Linking C executable cmTC_2adc2
/usr/bin/cmake -E cmake_link_script CMakeFiles/cmTC_2adc2.dir/link.txt --verbose=1
/usr/bin/cc CMakeFiles/cmTC_2adc2.dir/CheckSymbolExists.c.o -o cmTC_2adc2 
gmake[1]: Leaving directory '/home/pristu/Documents/School/Gill/rts-research/cyclonedds/local_build/CMakeFiles/CMakeTmp'


File /home/pristu/Documents/School/Gill/rts-research/cyclonedds/local_build/CMakeFiles/CMakeTmp/CheckSymbolExists.c:
/* */
#include <unistd.h>

int main(int argc, char** argv)
{
  (void)argv;
#ifndef gethostname
  return ((int*)(&gethostname))[argc];
#else
  (void)argc;
  return 0;
#endif
}
Determining if the inet_ntop exist passed with the following output:
Change Dir: /home/pristu/Documents/School/Gill/rts-research/cyclonedds/local_build/CMakeFiles/CMakeTmp

Run Build Command(s):/usr/bin/gmake cmTC_8c4fa/fast && /usr/bin/gmake  -f CMakeFiles/cmTC_8c4fa.dir/build.make CMakeFiles/cmTC_8c4fa.dir/build
gmake[1]: Entering directory '/home/pristu/Documents/School/Gill/rts-research/cyclonedds/local_build/CMakeFiles/CMakeTmp'
Building C object CMakeFiles/cmTC_8c4fa.dir/CheckSymbolExists.c.o
/usr/bin/cc   -std=gnu99 -o CMakeFiles/cmTC_8c4fa.dir/CheckSymbolExists.c.o -c /home/pristu/Documents/School/Gill/rts-research/cyclonedds/local_build/CMakeFiles/CMakeTmp/CheckSymbolExists.c
Linking C executable cmTC_8c4fa
/usr/bin/cmake -E cmake_link_script CMakeFiles/cmTC_8c4fa.dir/link.txt --verbose=1
/usr/bin/cc CMakeFiles/cmTC_8c4fa.dir/CheckSymbolExists.c.o -o cmTC_8c4fa 
gmake[1]: Leaving directory '/home/pristu/Documents/School/Gill/rts-research/cyclonedds/local_build/CMakeFiles/CMakeTmp'


File /home/pristu/Documents/School/Gill/rts-research/cyclonedds/local_build/CMakeFiles/CMakeTmp/CheckSymbolExists.c:
/* */
#include <arpa/inet.h>

int main(int argc, char** argv)
{
  (void)argv;
#ifndef inet_ntop
  return ((int*)(&inet_ntop))[argc];
#else
  (void)argc;
  return 0;
#endif
}
Determining if the inet_pton exist passed with the following output:
Change Dir: /home/pristu/Documents/School/Gill/rts-research/cyclonedds/local_build/CMakeFiles/CMakeTmp

Run Build Command(s):/usr/bin/gmake cmTC_6cda0/fast && /usr/bin/gmake  -f CMakeFiles/cmTC_6cda0.dir/build.make CMakeFiles/cmTC_6cda0.dir/build
gmake[1]: Entering directory '/home/pristu/Documents/School/Gill/rts-research/cyclonedds/local_build/CMakeFiles/CMakeTmp'
Building C object CMakeFiles/cmTC_6cda0.dir/CheckSymbolExists.c.o
/usr/bin/cc   -std=gnu99 -o CMakeFiles/cmTC_6cda0.dir/CheckSymbolExists.c.o -c /home/pristu/Documents/School/Gill/rts-research/cyclonedds/local_build/CMakeFiles/CMakeTmp/CheckSymbolExists.c
Linking C executable cmTC_6cda0
/usr/bin/cmake -E cmake_link_script CMakeFiles/cmTC_6cda0.dir/link.txt --verbose=1
/usr/bin/cc CMakeFiles/cmTC_6cda0.dir/CheckSymbolExists.c.o -o cmTC_6cda0 
gmake[1]: Leaving directory '/home/pristu/Documents/School/Gill/rts-research/cyclonedds/local_build/CMakeFiles/CMakeTmp'


File /home/pristu/Documents/School/Gill/rts-research/cyclonedds/local_build/CMakeFiles/CMakeTmp/CheckSymbolExists.c:
/* */
#include <arpa/inet.h>

int main(int argc, char** argv)
{
  (void)argv;
#ifndef inet_pton
  return ((int*)(&inet_pton))[argc];
#else
  (void)argc;
  return 0;
#endif
}
Determining if the getaddrinfo exist passed with the following output:
Change Dir: /home/pristu/Documents/School/Gill/rts-research/cyclonedds/local_build/CMakeFiles/CMakeTmp

Run Build Command(s):/usr/bin/gmake cmTC_d7714/fast && /usr/bin/gmake  -f CMakeFiles/cmTC_d7714.dir/build.make CMakeFiles/cmTC_d7714.dir/build
gmake[1]: Entering directory '/home/pristu/Documents/School/Gill/rts-research/cyclonedds/local_build/CMakeFiles/CMakeTmp'
Building C object CMakeFiles/cmTC_d7714.dir/CheckSymbolExists.c.o
/usr/bin/cc   -std=gnu99 -o CMakeFiles/cmTC_d7714.dir/CheckSymbolExists.c.o -c /home/pristu/Documents/School/Gill/rts-research/cyclonedds/local_build/CMakeFiles/CMakeTmp/CheckSymbolExists.c
Linking C executable cmTC_d7714
/usr/bin/cmake -E cmake_link_script CMakeFiles/cmTC_d7714.dir/link.txt --verbose=1
/usr/bin/cc CMakeFiles/cmTC_d7714.dir/CheckSymbolExists.c.o -o cmTC_d7714 
gmake[1]: Leaving directory '/home/pristu/Documents/School/Gill/rts-research/cyclonedds/local_build/CMakeFiles/CMakeTmp'


File /home/pristu/Documents/School/Gill/rts-research/cyclonedds/local_build/CMakeFiles/CMakeTmp/CheckSymbolExists.c:
/* */
#include <netdb.h>

int main(int argc, char** argv)
{
  (void)argv;
#ifndef getaddrinfo
  return ((int*)(&getaddrinfo))[argc];
#else
  (void)argc;
  return 0;
#endif
}
Determining if the gethostbyname_r exist passed with the following output:
Change Dir: /home/pristu/Documents/School/Gill/rts-research/cyclonedds/local_build/CMakeFiles/CMakeTmp

Run Build Command(s):/usr/bin/gmake cmTC_cd41b/fast && /usr/bin/gmake  -f CMakeFiles/cmTC_cd41b.dir/build.make CMakeFiles/cmTC_cd41b.dir/build
gmake[1]: Entering directory '/home/pristu/Documents/School/Gill/rts-research/cyclonedds/local_build/CMakeFiles/CMakeTmp'
Building C object CMakeFiles/cmTC_cd41b.dir/CheckSymbolExists.c.o
/usr/bin/cc   -std=gnu99 -o CMakeFiles/cmTC_cd41b.dir/CheckSymbolExists.c.o -c /home/pristu/Documents/School/Gill/rts-research/cyclonedds/local_build/CMakeFiles/CMakeTmp/CheckSymbolExists.c
Linking C executable cmTC_cd41b
/usr/bin/cmake -E cmake_link_script CMakeFiles/cmTC_cd41b.dir/link.txt --verbose=1
/usr/bin/cc CMakeFiles/cmTC_cd41b.dir/CheckSymbolExists.c.o -o cmTC_cd41b 
gmake[1]: Leaving directory '/home/pristu/Documents/School/Gill/rts-research/cyclonedds/local_build/CMakeFiles/CMakeTmp'


File /home/pristu/Documents/School/Gill/rts-research/cyclonedds/local_build/CMakeFiles/CMakeTmp/CheckSymbolExists.c:
/* */
#include <netdb.h>

int main(int argc, char** argv)
{
  (void)argv;
#ifndef gethostbyname_r
  return ((int*)(&gethostbyname_r))[argc];
#else
  (void)argc;
  return 0;
#endif
}
Determining size of struct sockaddr_in6 passed with the following output:
Change Dir: /home/pristu/Documents/School/Gill/rts-research/cyclonedds/local_build/CMakeFiles/CMakeTmp

Run Build Command(s):/usr/bin/gmake cmTC_be372/fast && /usr/bin/gmake  -f CMakeFiles/cmTC_be372.dir/build.make CMakeFiles/cmTC_be372.dir/build
gmake[1]: Entering directory '/home/pristu/Documents/School/Gill/rts-research/cyclonedds/local_build/CMakeFiles/CMakeTmp'
Building C object CMakeFiles/cmTC_be372.dir/SIZEOF_SOCKADDR_IN6.c.o
/usr/bin/cc   -std=gnu99 -o CMakeFiles/cmTC_be372.dir/SIZEOF_SOCKADDR_IN6.c.o -c /home/pristu/Documents/School/Gill/rts-research/cyclonedds/local_build/CMakeFiles/CheckTypeSize/SIZEOF_SOCKADDR_IN6.c
Linking C executable cmTC_be372
/usr/bin/cmake -E cmake_link_script CMakeFiles/cmTC_be372.dir/link.txt --verbose=1
/usr/bin/cc CMakeFiles/cmTC_be372.dir/SIZEOF_SOCKADDR_IN6.c.o -o cmTC_be372 
gmake[1]: Leaving directory '/home/pristu/Documents/School/Gill/rts-research/cyclonedds/local_build/CMakeFiles/CMakeTmp'



Determining if the include file pthread.h exists passed with the following output:
Change Dir: /home/pristu/Documents/School/Gill/rts-research/cyclonedds/local_build/CMakeFiles/CMakeTmp

Run Build Command(s):/usr/bin/gmake cmTC_02373/fast && /usr/bin/gmake  -f CMakeFiles/cmTC_02373.dir/build.make CMakeFiles/cmTC_02373.dir/build
gmake[1]: Entering directory '/home/pristu/Documents/School/Gill/rts-research/cyclonedds/local_build/CMakeFiles/CMakeTmp'
Building C object CMakeFiles/cmTC_02373.dir/CheckIncludeFile.c.o
/usr/bin/cc   -std=gnu99 -o CMakeFiles/cmTC_02373.dir/CheckIncludeFile.c.o -c /home/pristu/Documents/School/Gill/rts-research/cyclonedds/local_build/CMakeFiles/CMakeTmp/CheckIncludeFile.c
Linking C executable cmTC_02373
/usr/bin/cmake -E cmake_link_script CMakeFiles/cmTC_02373.dir/link.txt --verbose=1
/usr/bin/cc CMakeFiles/cmTC_02373.dir/CheckIncludeFile.c.o -o cmTC_02373 
gmake[1]: Leaving directory '/home/pristu/Documents/School/Gill/rts-research/cyclonedds/local_build/CMakeFiles/CMakeTmp'



Performing C SOURCE FILE Test CMAKE_HAVE_LIBC_PTHREAD succeeded with the following output:
Change Dir: /home/pristu/Documents/School/Gill/rts-research/cyclonedds/local_build/CMakeFiles/CMakeTmp

Run Build Command(s):/usr/bin/gmake cmTC_b5dfb/fast && /usr/bin/gmake  -f CMakeFiles/cmTC_b5dfb.dir/build.make CMakeFiles/cmTC_b5dfb.dir/build
gmake[1]: Entering directory '/home/pristu/Documents/School/Gill/rts-research/cyclonedds/local_build/CMakeFiles/CMakeTmp'
Building C object CMakeFiles/cmTC_b5dfb.dir/src.c.o
/usr/bin/cc   -DCMAKE_HAVE_LIBC_PTHREAD -std=gnu99 -o CMakeFiles/cmTC_b5dfb.dir/src.c.o -c /home/pristu/Documents/School/Gill/rts-research/cyclonedds/local_build/CMakeFiles/CMakeTmp/src.c
Linking C executable cmTC_b5dfb
/usr/bin/cmake -E cmake_link_script CMakeFiles/cmTC_b5dfb.dir/link.txt --verbose=1
/usr/bin/cc  -DCMAKE_HAVE_LIBC_PTHREAD CMakeFiles/cmTC_b5dfb.dir/src.c.o -o cmTC_b5dfb 
gmake[1]: Leaving directory '/home/pristu/Documents/School/Gill/rts-research/cyclonedds/local_build/CMakeFiles/CMakeTmp'


Source file was:
#include <pthread.h>

void* test_func(void* data)
{
  return data;
}

int main(void)
{
  pthread_t thread;
  pthread_create(&thread, NULL, test_func, NULL);
  pthread_detach(thread);
  pthread_cancel(thread);
  pthread_join(thread, NULL);
  pthread_atfork(NULL, NULL, NULL);
  pthread_exit(NULL);

  return 0;
}

Determining if the function clock_gettime exists in the c passed with the following output:
Change Dir: /home/pristu/Documents/School/Gill/rts-research/cyclonedds/local_build/CMakeFiles/CMakeTmp

Run Build Command(s):/usr/bin/gmake cmTC_3b91d/fast && /usr/bin/gmake  -f CMakeFiles/cmTC_3b91d.dir/build.make CMakeFiles/cmTC_3b91d.dir/build
gmake[1]: Entering directory '/home/pristu/Documents/School/Gill/rts-research/cyclonedds/local_build/CMakeFiles/CMakeTmp'
Building C object CMakeFiles/cmTC_3b91d.dir/CheckFunctionExists.c.o
/usr/bin/cc   -DCHECK_FUNCTION_EXISTS=clock_gettime -std=gnu99 -o CMakeFiles/cmTC_3b91d.dir/CheckFunctionExists.c.o -c /usr/share/cmake-3.18/Modules/CheckFunctionExists.c
Linking C executable cmTC_3b91d
/usr/bin/cmake -E cmake_link_script CMakeFiles/cmTC_3b91d.dir/link.txt --verbose=1
/usr/bin/cc  -DCHECK_FUNCTION_EXISTS=clock_gettime CMakeFiles/cmTC_3b91d.dir/CheckFunctionExists.c.o -o cmTC_3b91d  -lc 
gmake[1]: Leaving directory '/home/pristu/Documents/School/Gill/rts-research/cyclonedds/local_build/CMakeFiles/CMakeTmp'



