The system is: Linux - 5.10.17-v7lcdgillsp22 - armv7l
Compiling the C compiler identification source file "CMakeCCompilerId.c" succeeded.
Compiler: /usr/bin/cc 
Build flags: 
Id flags:  

The output was:
0


Compilation of the C compiler identification source "CMakeCCompilerId.c" produced "a.out"

The C compiler identification is GNU, found in "/home/pi/Documents/cyclonedds/application_build/CMakeFiles/3.18.4/CompilerIdC/a.out"

Detecting C compiler ABI info compiled with the following output:
Change Dir: /home/pi/Documents/cyclonedds/application_build/CMakeFiles/CMakeTmp

Run Build Command(s):/usr/bin/gmake cmTC_3130c/fast && /usr/bin/gmake  -f CMakeFiles/cmTC_3130c.dir/build.make CMakeFiles/cmTC_3130c.dir/build
gmake[1]: Entering directory '/home/pi/Documents/cyclonedds/application_build/CMakeFiles/CMakeTmp'
Building C object CMakeFiles/cmTC_3130c.dir/CMakeCCompilerABI.c.o
/usr/bin/cc   -v -o CMakeFiles/cmTC_3130c.dir/CMakeCCompilerABI.c.o -c /usr/share/cmake-3.18/Modules/CMakeCCompilerABI.c
Using built-in specs.
COLLECT_GCC=/usr/bin/cc
Target: arm-linux-gnueabihf
Configured with: ../src/configure -v --with-pkgversion='Raspbian 10.2.1-6+rpi1' --with-bugurl=file:///usr/share/doc/gcc-10/README.Bugs --enable-languages=c,ada,c++,go,d,fortran,objc,obj-c++,m2 --prefix=/usr --with-gcc-major-version-only --program-suffix=-10 --program-prefix=arm-linux-gnueabihf- --enable-shared --enable-linker-build-id --libexecdir=/usr/lib --without-included-gettext --enable-threads=posix --libdir=/usr/lib --enable-nls --enable-bootstrap --enable-clocale=gnu --enable-libstdcxx-debug --enable-libstdcxx-time=yes --with-default-libstdcxx-abi=new --enable-gnu-unique-object --disable-libitm --disable-libquadmath --disable-libquadmath-support --enable-plugin --with-system-zlib --enable-libphobos-checking=release --with-target-system-zlib=auto --enable-objc-gc=auto --enable-multiarch --disable-sjlj-exceptions --with-arch=armv6 --with-fpu=vfp --with-float=hard --disable-werror --enable-checking=release --build=arm-linux-gnueabihf --host=arm-linux-gnueabihf --target=arm-linux-gnueabihf
Thread model: posix
Supported LTO compression algorithms: zlib zstd
gcc version 10.2.1 20210110 (Raspbian 10.2.1-6+rpi1) 
COLLECT_GCC_OPTIONS='-v' '-o' 'CMakeFiles/cmTC_3130c.dir/CMakeCCompilerABI.c.o' '-c'  '-mfloat-abi=hard' '-mfpu=vfp' '-mtls-dialect=gnu' '-marm' '-march=armv6+fp'
 /usr/lib/gcc/arm-linux-gnueabihf/10/cc1 -quiet -v -imultilib . -imultiarch arm-linux-gnueabihf /usr/share/cmake-3.18/Modules/CMakeCCompilerABI.c -quiet -dumpbase CMakeCCompilerABI.c -mfloat-abi=hard -mfpu=vfp -mtls-dialect=gnu -marm -march=armv6+fp -auxbase-strip CMakeFiles/cmTC_3130c.dir/CMakeCCompilerABI.c.o -version -o /tmp/ccze9UrZ.s
GNU C17 (Raspbian 10.2.1-6+rpi1) version 10.2.1 20210110 (arm-linux-gnueabihf)
	compiled by GNU C version 10.2.1 20210110, GMP version 6.2.1, MPFR version 4.1.0, MPC version 1.2.0, isl version isl-0.23-GMP

GGC heuristics: --param ggc-min-expand=100 --param ggc-min-heapsize=131072
ignoring nonexistent directory "/usr/local/include/arm-linux-gnueabihf"
ignoring nonexistent directory "/usr/lib/gcc/arm-linux-gnueabihf/10/include-fixed"
ignoring nonexistent directory "/usr/lib/gcc/arm-linux-gnueabihf/10/../../../../arm-linux-gnueabihf/include"
#include "..." search starts here:
#include <...> search starts here:
 /usr/lib/gcc/arm-linux-gnueabihf/10/include
 /usr/local/include
 /usr/include/arm-linux-gnueabihf
 /usr/include
End of search list.
GNU C17 (Raspbian 10.2.1-6+rpi1) version 10.2.1 20210110 (arm-linux-gnueabihf)
	compiled by GNU C version 10.2.1 20210110, GMP version 6.2.1, MPFR version 4.1.0, MPC version 1.2.0, isl version isl-0.23-GMP

GGC heuristics: --param ggc-min-expand=100 --param ggc-min-heapsize=131072
Compiler executable checksum: b0c2f0ffcfbe7fc710aaf45c31c63944
COLLECT_GCC_OPTIONS='-v' '-o' 'CMakeFiles/cmTC_3130c.dir/CMakeCCompilerABI.c.o' '-c'  '-mfloat-abi=hard' '-mfpu=vfp' '-mtls-dialect=gnu' '-marm' '-march=armv6+fp'
 as -v -march=armv6 -mfloat-abi=hard -mfpu=vfp -meabi=5 -o CMakeFiles/cmTC_3130c.dir/CMakeCCompilerABI.c.o /tmp/ccze9UrZ.s
GNU assembler version 2.35.2 (arm-linux-gnueabihf) using BFD version (GNU Binutils for Raspbian) 2.35.2
COMPILER_PATH=/usr/lib/gcc/arm-linux-gnueabihf/10/:/usr/lib/gcc/arm-linux-gnueabihf/10/:/usr/lib/gcc/arm-linux-gnueabihf/:/usr/lib/gcc/arm-linux-gnueabihf/10/:/usr/lib/gcc/arm-linux-gnueabihf/
LIBRARY_PATH=/usr/lib/gcc/arm-linux-gnueabihf/10/:/usr/lib/gcc/arm-linux-gnueabihf/10/../../../arm-linux-gnueabihf/:/usr/lib/gcc/arm-linux-gnueabihf/10/../../../:/lib/arm-linux-gnueabihf/:/lib/:/usr/lib/arm-linux-gnueabihf/:/usr/lib/
COLLECT_GCC_OPTIONS='-v' '-o' 'CMakeFiles/cmTC_3130c.dir/CMakeCCompilerABI.c.o' '-c'  '-mfloat-abi=hard' '-mfpu=vfp' '-mtls-dialect=gnu' '-marm' '-march=armv6+fp'
Linking C executable cmTC_3130c
/usr/bin/cmake -E cmake_link_script CMakeFiles/cmTC_3130c.dir/link.txt --verbose=1
/usr/bin/cc  -v CMakeFiles/cmTC_3130c.dir/CMakeCCompilerABI.c.o -o cmTC_3130c 
Using built-in specs.
COLLECT_GCC=/usr/bin/cc
COLLECT_LTO_WRAPPER=/usr/lib/gcc/arm-linux-gnueabihf/10/lto-wrapper
Target: arm-linux-gnueabihf
Configured with: ../src/configure -v --with-pkgversion='Raspbian 10.2.1-6+rpi1' --with-bugurl=file:///usr/share/doc/gcc-10/README.Bugs --enable-languages=c,ada,c++,go,d,fortran,objc,obj-c++,m2 --prefix=/usr --with-gcc-major-version-only --program-suffix=-10 --program-prefix=arm-linux-gnueabihf- --enable-shared --enable-linker-build-id --libexecdir=/usr/lib --without-included-gettext --enable-threads=posix --libdir=/usr/lib --enable-nls --enable-bootstrap --enable-clocale=gnu --enable-libstdcxx-debug --enable-libstdcxx-time=yes --with-default-libstdcxx-abi=new --enable-gnu-unique-object --disable-libitm --disable-libquadmath --disable-libquadmath-support --enable-plugin --with-system-zlib --enable-libphobos-checking=release --with-target-system-zlib=auto --enable-objc-gc=auto --enable-multiarch --disable-sjlj-exceptions --with-arch=armv6 --with-fpu=vfp --with-float=hard --disable-werror --enable-checking=release --build=arm-linux-gnueabihf --host=arm-linux-gnueabihf --target=arm-linux-gnueabihf
Thread model: posix
Supported LTO compression algorithms: zlib zstd
gcc version 10.2.1 20210110 (Raspbian 10.2.1-6+rpi1) 
COMPILER_PATH=/usr/lib/gcc/arm-linux-gnueabihf/10/:/usr/lib/gcc/arm-linux-gnueabihf/10/:/usr/lib/gcc/arm-linux-gnueabihf/:/usr/lib/gcc/arm-linux-gnueabihf/10/:/usr/lib/gcc/arm-linux-gnueabihf/
LIBRARY_PATH=/usr/lib/gcc/arm-linux-gnueabihf/10/:/usr/lib/gcc/arm-linux-gnueabihf/10/../../../arm-linux-gnueabihf/:/usr/lib/gcc/arm-linux-gnueabihf/10/../../../:/lib/arm-linux-gnueabihf/:/lib/:/usr/lib/arm-linux-gnueabihf/:/usr/lib/
COLLECT_GCC_OPTIONS='-v' '-o' 'cmTC_3130c'  '-mfloat-abi=hard' '-mfpu=vfp' '-mtls-dialect=gnu' '-marm' '-march=armv6+fp'
 /usr/lib/gcc/arm-linux-gnueabihf/10/collect2 -plugin /usr/lib/gcc/arm-linux-gnueabihf/10/liblto_plugin.so -plugin-opt=/usr/lib/gcc/arm-linux-gnueabihf/10/lto-wrapper -plugin-opt=-fresolution=/tmp/ccHL9ker.res -plugin-opt=-pass-through=-lgcc -plugin-opt=-pass-through=-lgcc_s -plugin-opt=-pass-through=-lc -plugin-opt=-pass-through=-lgcc -plugin-opt=-pass-through=-lgcc_s --build-id --eh-frame-hdr -dynamic-linker /lib/ld-linux-armhf.so.3 -X --hash-style=gnu --as-needed -m armelf_linux_eabi -o cmTC_3130c /usr/lib/gcc/arm-linux-gnueabihf/10/../../../arm-linux-gnueabihf/crt1.o /usr/lib/gcc/arm-linux-gnueabihf/10/../../../arm-linux-gnueabihf/crti.o /usr/lib/gcc/arm-linux-gnueabihf/10/crtbegin.o -L/usr/lib/gcc/arm-linux-gnueabihf/10 -L/usr/lib/gcc/arm-linux-gnueabihf/10/../../../arm-linux-gnueabihf -L/usr/lib/gcc/arm-linux-gnueabihf/10/../../.. -L/lib/arm-linux-gnueabihf -L/usr/lib/arm-linux-gnueabihf CMakeFiles/cmTC_3130c.dir/CMakeCCompilerABI.c.o -lgcc --push-state --as-needed -lgcc_s --pop-state -lc -lgcc --push-state --as-needed -lgcc_s --pop-state /usr/lib/gcc/arm-linux-gnueabihf/10/crtend.o /usr/lib/gcc/arm-linux-gnueabihf/10/../../../arm-linux-gnueabihf/crtn.o
COLLECT_GCC_OPTIONS='-v' '-o' 'cmTC_3130c'  '-mfloat-abi=hard' '-mfpu=vfp' '-mtls-dialect=gnu' '-marm' '-march=armv6+fp'
gmake[1]: Leaving directory '/home/pi/Documents/cyclonedds/application_build/CMakeFiles/CMakeTmp'



Parsed C implicit include dir info from above output: rv=done
  found start of include info
  found start of implicit include info
    add: [/usr/lib/gcc/arm-linux-gnueabihf/10/include]
    add: [/usr/local/include]
    add: [/usr/include/arm-linux-gnueabihf]
    add: [/usr/include]
  end of search list found
  collapse include dir [/usr/lib/gcc/arm-linux-gnueabihf/10/include] ==> [/usr/lib/gcc/arm-linux-gnueabihf/10/include]
  collapse include dir [/usr/local/include] ==> [/usr/local/include]
  collapse include dir [/usr/include/arm-linux-gnueabihf] ==> [/usr/include/arm-linux-gnueabihf]
  collapse include dir [/usr/include] ==> [/usr/include]
  implicit include dirs: [/usr/lib/gcc/arm-linux-gnueabihf/10/include;/usr/local/include;/usr/include/arm-linux-gnueabihf;/usr/include]


Parsed C implicit link information from above output:
  link line regex: [^( *|.*[/\])(ld|CMAKE_LINK_STARTFILE-NOTFOUND|([^/\]+-)?ld|collect2)[^/\]*( |$)]
  ignore line: [Change Dir: /home/pi/Documents/cyclonedds/application_build/CMakeFiles/CMakeTmp]
  ignore line: []
  ignore line: [Run Build Command(s):/usr/bin/gmake cmTC_3130c/fast && /usr/bin/gmake  -f CMakeFiles/cmTC_3130c.dir/build.make CMakeFiles/cmTC_3130c.dir/build]
  ignore line: [gmake[1]: Entering directory '/home/pi/Documents/cyclonedds/application_build/CMakeFiles/CMakeTmp']
  ignore line: [Building C object CMakeFiles/cmTC_3130c.dir/CMakeCCompilerABI.c.o]
  ignore line: [/usr/bin/cc   -v -o CMakeFiles/cmTC_3130c.dir/CMakeCCompilerABI.c.o -c /usr/share/cmake-3.18/Modules/CMakeCCompilerABI.c]
  ignore line: [Using built-in specs.]
  ignore line: [COLLECT_GCC=/usr/bin/cc]
  ignore line: [Target: arm-linux-gnueabihf]
  ignore line: [Configured with: ../src/configure -v --with-pkgversion='Raspbian 10.2.1-6+rpi1' --with-bugurl=file:///usr/share/doc/gcc-10/README.Bugs --enable-languages=c ada c++ go d fortran objc obj-c++ m2 --prefix=/usr --with-gcc-major-version-only --program-suffix=-10 --program-prefix=arm-linux-gnueabihf- --enable-shared --enable-linker-build-id --libexecdir=/usr/lib --without-included-gettext --enable-threads=posix --libdir=/usr/lib --enable-nls --enable-bootstrap --enable-clocale=gnu --enable-libstdcxx-debug --enable-libstdcxx-time=yes --with-default-libstdcxx-abi=new --enable-gnu-unique-object --disable-libitm --disable-libquadmath --disable-libquadmath-support --enable-plugin --with-system-zlib --enable-libphobos-checking=release --with-target-system-zlib=auto --enable-objc-gc=auto --enable-multiarch --disable-sjlj-exceptions --with-arch=armv6 --with-fpu=vfp --with-float=hard --disable-werror --enable-checking=release --build=arm-linux-gnueabihf --host=arm-linux-gnueabihf --target=arm-linux-gnueabihf]
  ignore line: [Thread model: posix]
  ignore line: [Supported LTO compression algorithms: zlib zstd]
  ignore line: [gcc version 10.2.1 20210110 (Raspbian 10.2.1-6+rpi1) ]
  ignore line: [COLLECT_GCC_OPTIONS='-v' '-o' 'CMakeFiles/cmTC_3130c.dir/CMakeCCompilerABI.c.o' '-c'  '-mfloat-abi=hard' '-mfpu=vfp' '-mtls-dialect=gnu' '-marm' '-march=armv6+fp']
  ignore line: [ /usr/lib/gcc/arm-linux-gnueabihf/10/cc1 -quiet -v -imultilib . -imultiarch arm-linux-gnueabihf /usr/share/cmake-3.18/Modules/CMakeCCompilerABI.c -quiet -dumpbase CMakeCCompilerABI.c -mfloat-abi=hard -mfpu=vfp -mtls-dialect=gnu -marm -march=armv6+fp -auxbase-strip CMakeFiles/cmTC_3130c.dir/CMakeCCompilerABI.c.o -version -o /tmp/ccze9UrZ.s]
  ignore line: [GNU C17 (Raspbian 10.2.1-6+rpi1) version 10.2.1 20210110 (arm-linux-gnueabihf)]
  ignore line: [	compiled by GNU C version 10.2.1 20210110  GMP version 6.2.1  MPFR version 4.1.0  MPC version 1.2.0  isl version isl-0.23-GMP]
  ignore line: []
  ignore line: [GGC heuristics: --param ggc-min-expand=100 --param ggc-min-heapsize=131072]
  ignore line: [ignoring nonexistent directory "/usr/local/include/arm-linux-gnueabihf"]
  ignore line: [ignoring nonexistent directory "/usr/lib/gcc/arm-linux-gnueabihf/10/include-fixed"]
  ignore line: [ignoring nonexistent directory "/usr/lib/gcc/arm-linux-gnueabihf/10/../../../../arm-linux-gnueabihf/include"]
  ignore line: [#include "..." search starts here:]
  ignore line: [#include <...> search starts here:]
  ignore line: [ /usr/lib/gcc/arm-linux-gnueabihf/10/include]
  ignore line: [ /usr/local/include]
  ignore line: [ /usr/include/arm-linux-gnueabihf]
  ignore line: [ /usr/include]
  ignore line: [End of search list.]
  ignore line: [GNU C17 (Raspbian 10.2.1-6+rpi1) version 10.2.1 20210110 (arm-linux-gnueabihf)]
  ignore line: [	compiled by GNU C version 10.2.1 20210110  GMP version 6.2.1  MPFR version 4.1.0  MPC version 1.2.0  isl version isl-0.23-GMP]
  ignore line: []
  ignore line: [GGC heuristics: --param ggc-min-expand=100 --param ggc-min-heapsize=131072]
  ignore line: [Compiler executable checksum: b0c2f0ffcfbe7fc710aaf45c31c63944]
  ignore line: [COLLECT_GCC_OPTIONS='-v' '-o' 'CMakeFiles/cmTC_3130c.dir/CMakeCCompilerABI.c.o' '-c'  '-mfloat-abi=hard' '-mfpu=vfp' '-mtls-dialect=gnu' '-marm' '-march=armv6+fp']
  ignore line: [ as -v -march=armv6 -mfloat-abi=hard -mfpu=vfp -meabi=5 -o CMakeFiles/cmTC_3130c.dir/CMakeCCompilerABI.c.o /tmp/ccze9UrZ.s]
  ignore line: [GNU assembler version 2.35.2 (arm-linux-gnueabihf) using BFD version (GNU Binutils for Raspbian) 2.35.2]
  ignore line: [COMPILER_PATH=/usr/lib/gcc/arm-linux-gnueabihf/10/:/usr/lib/gcc/arm-linux-gnueabihf/10/:/usr/lib/gcc/arm-linux-gnueabihf/:/usr/lib/gcc/arm-linux-gnueabihf/10/:/usr/lib/gcc/arm-linux-gnueabihf/]
  ignore line: [LIBRARY_PATH=/usr/lib/gcc/arm-linux-gnueabihf/10/:/usr/lib/gcc/arm-linux-gnueabihf/10/../../../arm-linux-gnueabihf/:/usr/lib/gcc/arm-linux-gnueabihf/10/../../../:/lib/arm-linux-gnueabihf/:/lib/:/usr/lib/arm-linux-gnueabihf/:/usr/lib/]
  ignore line: [COLLECT_GCC_OPTIONS='-v' '-o' 'CMakeFiles/cmTC_3130c.dir/CMakeCCompilerABI.c.o' '-c'  '-mfloat-abi=hard' '-mfpu=vfp' '-mtls-dialect=gnu' '-marm' '-march=armv6+fp']
  ignore line: [Linking C executable cmTC_3130c]
  ignore line: [/usr/bin/cmake -E cmake_link_script CMakeFiles/cmTC_3130c.dir/link.txt --verbose=1]
  ignore line: [/usr/bin/cc  -v CMakeFiles/cmTC_3130c.dir/CMakeCCompilerABI.c.o -o cmTC_3130c ]
  ignore line: [Using built-in specs.]
  ignore line: [COLLECT_GCC=/usr/bin/cc]
  ignore line: [COLLECT_LTO_WRAPPER=/usr/lib/gcc/arm-linux-gnueabihf/10/lto-wrapper]
  ignore line: [Target: arm-linux-gnueabihf]
  ignore line: [Configured with: ../src/configure -v --with-pkgversion='Raspbian 10.2.1-6+rpi1' --with-bugurl=file:///usr/share/doc/gcc-10/README.Bugs --enable-languages=c ada c++ go d fortran objc obj-c++ m2 --prefix=/usr --with-gcc-major-version-only --program-suffix=-10 --program-prefix=arm-linux-gnueabihf- --enable-shared --enable-linker-build-id --libexecdir=/usr/lib --without-included-gettext --enable-threads=posix --libdir=/usr/lib --enable-nls --enable-bootstrap --enable-clocale=gnu --enable-libstdcxx-debug --enable-libstdcxx-time=yes --with-default-libstdcxx-abi=new --enable-gnu-unique-object --disable-libitm --disable-libquadmath --disable-libquadmath-support --enable-plugin --with-system-zlib --enable-libphobos-checking=release --with-target-system-zlib=auto --enable-objc-gc=auto --enable-multiarch --disable-sjlj-exceptions --with-arch=armv6 --with-fpu=vfp --with-float=hard --disable-werror --enable-checking=release --build=arm-linux-gnueabihf --host=arm-linux-gnueabihf --target=arm-linux-gnueabihf]
  ignore line: [Thread model: posix]
  ignore line: [Supported LTO compression algorithms: zlib zstd]
  ignore line: [gcc version 10.2.1 20210110 (Raspbian 10.2.1-6+rpi1) ]
  ignore line: [COMPILER_PATH=/usr/lib/gcc/arm-linux-gnueabihf/10/:/usr/lib/gcc/arm-linux-gnueabihf/10/:/usr/lib/gcc/arm-linux-gnueabihf/:/usr/lib/gcc/arm-linux-gnueabihf/10/:/usr/lib/gcc/arm-linux-gnueabihf/]
  ignore line: [LIBRARY_PATH=/usr/lib/gcc/arm-linux-gnueabihf/10/:/usr/lib/gcc/arm-linux-gnueabihf/10/../../../arm-linux-gnueabihf/:/usr/lib/gcc/arm-linux-gnueabihf/10/../../../:/lib/arm-linux-gnueabihf/:/lib/:/usr/lib/arm-linux-gnueabihf/:/usr/lib/]
  ignore line: [COLLECT_GCC_OPTIONS='-v' '-o' 'cmTC_3130c'  '-mfloat-abi=hard' '-mfpu=vfp' '-mtls-dialect=gnu' '-marm' '-march=armv6+fp']
  link line: [ /usr/lib/gcc/arm-linux-gnueabihf/10/collect2 -plugin /usr/lib/gcc/arm-linux-gnueabihf/10/liblto_plugin.so -plugin-opt=/usr/lib/gcc/arm-linux-gnueabihf/10/lto-wrapper -plugin-opt=-fresolution=/tmp/ccHL9ker.res -plugin-opt=-pass-through=-lgcc -plugin-opt=-pass-through=-lgcc_s -plugin-opt=-pass-through=-lc -plugin-opt=-pass-through=-lgcc -plugin-opt=-pass-through=-lgcc_s --build-id --eh-frame-hdr -dynamic-linker /lib/ld-linux-armhf.so.3 -X --hash-style=gnu --as-needed -m armelf_linux_eabi -o cmTC_3130c /usr/lib/gcc/arm-linux-gnueabihf/10/../../../arm-linux-gnueabihf/crt1.o /usr/lib/gcc/arm-linux-gnueabihf/10/../../../arm-linux-gnueabihf/crti.o /usr/lib/gcc/arm-linux-gnueabihf/10/crtbegin.o -L/usr/lib/gcc/arm-linux-gnueabihf/10 -L/usr/lib/gcc/arm-linux-gnueabihf/10/../../../arm-linux-gnueabihf -L/usr/lib/gcc/arm-linux-gnueabihf/10/../../.. -L/lib/arm-linux-gnueabihf -L/usr/lib/arm-linux-gnueabihf CMakeFiles/cmTC_3130c.dir/CMakeCCompilerABI.c.o -lgcc --push-state --as-needed -lgcc_s --pop-state -lc -lgcc --push-state --as-needed -lgcc_s --pop-state /usr/lib/gcc/arm-linux-gnueabihf/10/crtend.o /usr/lib/gcc/arm-linux-gnueabihf/10/../../../arm-linux-gnueabihf/crtn.o]
    arg [/usr/lib/gcc/arm-linux-gnueabihf/10/collect2] ==> ignore
    arg [-plugin] ==> ignore
    arg [/usr/lib/gcc/arm-linux-gnueabihf/10/liblto_plugin.so] ==> ignore
    arg [-plugin-opt=/usr/lib/gcc/arm-linux-gnueabihf/10/lto-wrapper] ==> ignore
    arg [-plugin-opt=-fresolution=/tmp/ccHL9ker.res] ==> ignore
    arg [-plugin-opt=-pass-through=-lgcc] ==> ignore
    arg [-plugin-opt=-pass-through=-lgcc_s] ==> ignore
    arg [-plugin-opt=-pass-through=-lc] ==> ignore
    arg [-plugin-opt=-pass-through=-lgcc] ==> ignore
    arg [-plugin-opt=-pass-through=-lgcc_s] ==> ignore
    arg [--build-id] ==> ignore
    arg [--eh-frame-hdr] ==> ignore
    arg [-dynamic-linker] ==> ignore
    arg [/lib/ld-linux-armhf.so.3] ==> ignore
    arg [-X] ==> ignore
    arg [--hash-style=gnu] ==> ignore
    arg [--as-needed] ==> ignore
    arg [-m] ==> ignore
    arg [armelf_linux_eabi] ==> ignore
    arg [-o] ==> ignore
    arg [cmTC_3130c] ==> ignore
    arg [/usr/lib/gcc/arm-linux-gnueabihf/10/../../../arm-linux-gnueabihf/crt1.o] ==> ignore
    arg [/usr/lib/gcc/arm-linux-gnueabihf/10/../../../arm-linux-gnueabihf/crti.o] ==> ignore
    arg [/usr/lib/gcc/arm-linux-gnueabihf/10/crtbegin.o] ==> ignore
    arg [-L/usr/lib/gcc/arm-linux-gnueabihf/10] ==> dir [/usr/lib/gcc/arm-linux-gnueabihf/10]
    arg [-L/usr/lib/gcc/arm-linux-gnueabihf/10/../../../arm-linux-gnueabihf] ==> dir [/usr/lib/gcc/arm-linux-gnueabihf/10/../../../arm-linux-gnueabihf]
    arg [-L/usr/lib/gcc/arm-linux-gnueabihf/10/../../..] ==> dir [/usr/lib/gcc/arm-linux-gnueabihf/10/../../..]
    arg [-L/lib/arm-linux-gnueabihf] ==> dir [/lib/arm-linux-gnueabihf]
    arg [-L/usr/lib/arm-linux-gnueabihf] ==> dir [/usr/lib/arm-linux-gnueabihf]
    arg [CMakeFiles/cmTC_3130c.dir/CMakeCCompilerABI.c.o] ==> ignore
    arg [-lgcc] ==> lib [gcc]
    arg [--push-state] ==> ignore
    arg [--as-needed] ==> ignore
    arg [-lgcc_s] ==> lib [gcc_s]
    arg [--pop-state] ==> ignore
    arg [-lc] ==> lib [c]
    arg [-lgcc] ==> lib [gcc]
    arg [--push-state] ==> ignore
    arg [--as-needed] ==> ignore
    arg [-lgcc_s] ==> lib [gcc_s]
    arg [--pop-state] ==> ignore
    arg [/usr/lib/gcc/arm-linux-gnueabihf/10/crtend.o] ==> ignore
    arg [/usr/lib/gcc/arm-linux-gnueabihf/10/../../../arm-linux-gnueabihf/crtn.o] ==> ignore
  collapse library dir [/usr/lib/gcc/arm-linux-gnueabihf/10] ==> [/usr/lib/gcc/arm-linux-gnueabihf/10]
  collapse library dir [/usr/lib/gcc/arm-linux-gnueabihf/10/../../../arm-linux-gnueabihf] ==> [/usr/lib/arm-linux-gnueabihf]
  collapse library dir [/usr/lib/gcc/arm-linux-gnueabihf/10/../../..] ==> [/usr/lib]
  collapse library dir [/lib/arm-linux-gnueabihf] ==> [/lib/arm-linux-gnueabihf]
  collapse library dir [/usr/lib/arm-linux-gnueabihf] ==> [/usr/lib/arm-linux-gnueabihf]
  implicit libs: [gcc;gcc_s;c;gcc;gcc_s]
  implicit dirs: [/usr/lib/gcc/arm-linux-gnueabihf/10;/usr/lib/arm-linux-gnueabihf;/usr/lib;/lib/arm-linux-gnueabihf]
  implicit fwks: []


Determining if the include file getopt.h exists passed with the following output:
Change Dir: /home/pi/Documents/cyclonedds/application_build/CMakeFiles/CMakeTmp

Run Build Command(s):/usr/bin/gmake cmTC_8397d/fast && /usr/bin/gmake  -f CMakeFiles/cmTC_8397d.dir/build.make CMakeFiles/cmTC_8397d.dir/build
gmake[1]: Entering directory '/home/pi/Documents/cyclonedds/application_build/CMakeFiles/CMakeTmp'
Building C object CMakeFiles/cmTC_8397d.dir/CheckIncludeFile.c.o
/usr/bin/cc   -std=gnu99 -o CMakeFiles/cmTC_8397d.dir/CheckIncludeFile.c.o -c /home/pi/Documents/cyclonedds/application_build/CMakeFiles/CMakeTmp/CheckIncludeFile.c
Linking C executable cmTC_8397d
/usr/bin/cmake -E cmake_link_script CMakeFiles/cmTC_8397d.dir/link.txt --verbose=1
/usr/bin/cc CMakeFiles/cmTC_8397d.dir/CheckIncludeFile.c.o -o cmTC_8397d 
gmake[1]: Leaving directory '/home/pi/Documents/cyclonedds/application_build/CMakeFiles/CMakeTmp'



Determining if the include file stdint.h exists passed with the following output:
Change Dir: /home/pi/Documents/cyclonedds/application_build/CMakeFiles/CMakeTmp

Run Build Command(s):/usr/bin/gmake cmTC_972b2/fast && /usr/bin/gmake  -f CMakeFiles/cmTC_972b2.dir/build.make CMakeFiles/cmTC_972b2.dir/build
gmake[1]: Entering directory '/home/pi/Documents/cyclonedds/application_build/CMakeFiles/CMakeTmp'
Building C object CMakeFiles/cmTC_972b2.dir/CheckIncludeFile.c.o
/usr/bin/cc   -std=gnu99 -o CMakeFiles/cmTC_972b2.dir/CheckIncludeFile.c.o -c /home/pi/Documents/cyclonedds/application_build/CMakeFiles/CMakeTmp/CheckIncludeFile.c
Linking C executable cmTC_972b2
/usr/bin/cmake -E cmake_link_script CMakeFiles/cmTC_972b2.dir/link.txt --verbose=1
/usr/bin/cc CMakeFiles/cmTC_972b2.dir/CheckIncludeFile.c.o -o cmTC_972b2 
gmake[1]: Leaving directory '/home/pi/Documents/cyclonedds/application_build/CMakeFiles/CMakeTmp'



Determining if the include file inttypes.h exists passed with the following output:
Change Dir: /home/pi/Documents/cyclonedds/application_build/CMakeFiles/CMakeTmp

Run Build Command(s):/usr/bin/gmake cmTC_d6f7d/fast && /usr/bin/gmake  -f CMakeFiles/cmTC_d6f7d.dir/build.make CMakeFiles/cmTC_d6f7d.dir/build
gmake[1]: Entering directory '/home/pi/Documents/cyclonedds/application_build/CMakeFiles/CMakeTmp'
Building C object CMakeFiles/cmTC_d6f7d.dir/CheckIncludeFile.c.o
/usr/bin/cc   -std=gnu99 -o CMakeFiles/cmTC_d6f7d.dir/CheckIncludeFile.c.o -c /home/pi/Documents/cyclonedds/application_build/CMakeFiles/CMakeTmp/CheckIncludeFile.c
Linking C executable cmTC_d6f7d
/usr/bin/cmake -E cmake_link_script CMakeFiles/cmTC_d6f7d.dir/link.txt --verbose=1
/usr/bin/cc CMakeFiles/cmTC_d6f7d.dir/CheckIncludeFile.c.o -o cmTC_d6f7d 
gmake[1]: Leaving directory '/home/pi/Documents/cyclonedds/application_build/CMakeFiles/CMakeTmp'



Determining if the include file sys/types.h exists passed with the following output:
Change Dir: /home/pi/Documents/cyclonedds/application_build/CMakeFiles/CMakeTmp

Run Build Command(s):/usr/bin/gmake cmTC_29856/fast && /usr/bin/gmake  -f CMakeFiles/cmTC_29856.dir/build.make CMakeFiles/cmTC_29856.dir/build
gmake[1]: Entering directory '/home/pi/Documents/cyclonedds/application_build/CMakeFiles/CMakeTmp'
Building C object CMakeFiles/cmTC_29856.dir/CheckIncludeFile.c.o
/usr/bin/cc   -std=gnu99 -o CMakeFiles/cmTC_29856.dir/CheckIncludeFile.c.o -c /home/pi/Documents/cyclonedds/application_build/CMakeFiles/CMakeTmp/CheckIncludeFile.c
Linking C executable cmTC_29856
/usr/bin/cmake -E cmake_link_script CMakeFiles/cmTC_29856.dir/link.txt --verbose=1
/usr/bin/cc CMakeFiles/cmTC_29856.dir/CheckIncludeFile.c.o -o cmTC_29856 
gmake[1]: Leaving directory '/home/pi/Documents/cyclonedds/application_build/CMakeFiles/CMakeTmp'



Determining if the include file stdint.h exists passed with the following output:
Change Dir: /home/pi/Documents/cyclonedds/application_build/CMakeFiles/CMakeTmp

Run Build Command(s):/usr/bin/gmake cmTC_6074d/fast && /usr/bin/gmake  -f CMakeFiles/cmTC_6074d.dir/build.make CMakeFiles/cmTC_6074d.dir/build
gmake[1]: Entering directory '/home/pi/Documents/cyclonedds/application_build/CMakeFiles/CMakeTmp'
Building C object CMakeFiles/cmTC_6074d.dir/CheckIncludeFile.c.o
/usr/bin/cc   -std=gnu99 -o CMakeFiles/cmTC_6074d.dir/CheckIncludeFile.c.o -c /home/pi/Documents/cyclonedds/application_build/CMakeFiles/CMakeTmp/CheckIncludeFile.c
Linking C executable cmTC_6074d
/usr/bin/cmake -E cmake_link_script CMakeFiles/cmTC_6074d.dir/link.txt --verbose=1
/usr/bin/cc CMakeFiles/cmTC_6074d.dir/CheckIncludeFile.c.o -o cmTC_6074d 
gmake[1]: Leaving directory '/home/pi/Documents/cyclonedds/application_build/CMakeFiles/CMakeTmp'



Determining if the include file stddef.h exists passed with the following output:
Change Dir: /home/pi/Documents/cyclonedds/application_build/CMakeFiles/CMakeTmp

Run Build Command(s):/usr/bin/gmake cmTC_d2f54/fast && /usr/bin/gmake  -f CMakeFiles/cmTC_d2f54.dir/build.make CMakeFiles/cmTC_d2f54.dir/build
gmake[1]: Entering directory '/home/pi/Documents/cyclonedds/application_build/CMakeFiles/CMakeTmp'
Building C object CMakeFiles/cmTC_d2f54.dir/CheckIncludeFile.c.o
/usr/bin/cc   -std=gnu99 -o CMakeFiles/cmTC_d2f54.dir/CheckIncludeFile.c.o -c /home/pi/Documents/cyclonedds/application_build/CMakeFiles/CMakeTmp/CheckIncludeFile.c
Linking C executable cmTC_d2f54
/usr/bin/cmake -E cmake_link_script CMakeFiles/cmTC_d2f54.dir/link.txt --verbose=1
/usr/bin/cc CMakeFiles/cmTC_d2f54.dir/CheckIncludeFile.c.o -o cmTC_d2f54 
gmake[1]: Leaving directory '/home/pi/Documents/cyclonedds/application_build/CMakeFiles/CMakeTmp'



Determining size of intmax_t passed with the following output:
Change Dir: /home/pi/Documents/cyclonedds/application_build/CMakeFiles/CMakeTmp

Run Build Command(s):/usr/bin/gmake cmTC_ae873/fast && /usr/bin/gmake  -f CMakeFiles/cmTC_ae873.dir/build.make CMakeFiles/cmTC_ae873.dir/build
gmake[1]: Entering directory '/home/pi/Documents/cyclonedds/application_build/CMakeFiles/CMakeTmp'
Building C object CMakeFiles/cmTC_ae873.dir/_size.c.o
/usr/bin/cc   -std=gnu99 -o CMakeFiles/cmTC_ae873.dir/_size.c.o -c /home/pi/Documents/cyclonedds/application_build/CMakeFiles/CheckTypeSize/_size.c
Linking C executable cmTC_ae873
/usr/bin/cmake -E cmake_link_script CMakeFiles/cmTC_ae873.dir/link.txt --verbose=1
/usr/bin/cc CMakeFiles/cmTC_ae873.dir/_size.c.o -o cmTC_ae873 
gmake[1]: Leaving directory '/home/pi/Documents/cyclonedds/application_build/CMakeFiles/CMakeTmp'



Determining if the stpcpy exist passed with the following output:
Change Dir: /home/pi/Documents/cyclonedds/application_build/CMakeFiles/CMakeTmp

Run Build Command(s):/usr/bin/gmake cmTC_3c20a/fast && /usr/bin/gmake  -f CMakeFiles/cmTC_3c20a.dir/build.make CMakeFiles/cmTC_3c20a.dir/build
gmake[1]: Entering directory '/home/pi/Documents/cyclonedds/application_build/CMakeFiles/CMakeTmp'
Building C object CMakeFiles/cmTC_3c20a.dir/CheckSymbolExists.c.o
/usr/bin/cc   -std=gnu99 -o CMakeFiles/cmTC_3c20a.dir/CheckSymbolExists.c.o -c /home/pi/Documents/cyclonedds/application_build/CMakeFiles/CMakeTmp/CheckSymbolExists.c
Linking C executable cmTC_3c20a
/usr/bin/cmake -E cmake_link_script CMakeFiles/cmTC_3c20a.dir/link.txt --verbose=1
/usr/bin/cc CMakeFiles/cmTC_3c20a.dir/CheckSymbolExists.c.o -o cmTC_3c20a 
gmake[1]: Leaving directory '/home/pi/Documents/cyclonedds/application_build/CMakeFiles/CMakeTmp'


File /home/pi/Documents/cyclonedds/application_build/CMakeFiles/CMakeTmp/CheckSymbolExists.c:
/* */
#include <string.h>

int main(int argc, char** argv)
{
  (void)argv;
#ifndef stpcpy
  return ((int*)(&stpcpy))[argc];
#else
  (void)argc;
  return 0;
#endif
}
Performing C SOURCE FILE Test COMPILER_HAS_HIDDEN_VISIBILITY succeeded with the following output:
Change Dir: /home/pi/Documents/cyclonedds/application_build/CMakeFiles/CMakeTmp

Run Build Command(s):/usr/bin/gmake cmTC_52829/fast && /usr/bin/gmake  -f CMakeFiles/cmTC_52829.dir/build.make CMakeFiles/cmTC_52829.dir/build
gmake[1]: Entering directory '/home/pi/Documents/cyclonedds/application_build/CMakeFiles/CMakeTmp'
Building C object CMakeFiles/cmTC_52829.dir/src.c.o
/usr/bin/cc   -DCOMPILER_HAS_HIDDEN_VISIBILITY   -fvisibility=hidden -std=gnu99 -o CMakeFiles/cmTC_52829.dir/src.c.o -c /home/pi/Documents/cyclonedds/application_build/CMakeFiles/CMakeTmp/src.c
Linking C executable cmTC_52829
/usr/bin/cmake -E cmake_link_script CMakeFiles/cmTC_52829.dir/link.txt --verbose=1
/usr/bin/cc  -DCOMPILER_HAS_HIDDEN_VISIBILITY CMakeFiles/cmTC_52829.dir/src.c.o -o cmTC_52829 
gmake[1]: Leaving directory '/home/pi/Documents/cyclonedds/application_build/CMakeFiles/CMakeTmp'


Source file was:
int main(void) { return 0; }
Performing C SOURCE FILE Test COMPILER_HAS_HIDDEN_INLINE_VISIBILITY succeeded with the following output:
Change Dir: /home/pi/Documents/cyclonedds/application_build/CMakeFiles/CMakeTmp

Run Build Command(s):/usr/bin/gmake cmTC_71d38/fast && /usr/bin/gmake  -f CMakeFiles/cmTC_71d38.dir/build.make CMakeFiles/cmTC_71d38.dir/build
gmake[1]: Entering directory '/home/pi/Documents/cyclonedds/application_build/CMakeFiles/CMakeTmp'
Building C object CMakeFiles/cmTC_71d38.dir/src.c.o
/usr/bin/cc   -DCOMPILER_HAS_HIDDEN_INLINE_VISIBILITY   -fvisibility-inlines-hidden -std=gnu99 -o CMakeFiles/cmTC_71d38.dir/src.c.o -c /home/pi/Documents/cyclonedds/application_build/CMakeFiles/CMakeTmp/src.c
cc1: warning: command-line option '-fvisibility-inlines-hidden' is valid for C++/ObjC++ but not for C
Linking C executable cmTC_71d38
/usr/bin/cmake -E cmake_link_script CMakeFiles/cmTC_71d38.dir/link.txt --verbose=1
/usr/bin/cc  -DCOMPILER_HAS_HIDDEN_INLINE_VISIBILITY CMakeFiles/cmTC_71d38.dir/src.c.o -o cmTC_71d38 
gmake[1]: Leaving directory '/home/pi/Documents/cyclonedds/application_build/CMakeFiles/CMakeTmp'


Source file was:
int main(void) { return 0; }
Performing C SOURCE FILE Test COMPILER_HAS_DEPRECATED_ATTR succeeded with the following output:
Change Dir: /home/pi/Documents/cyclonedds/application_build/CMakeFiles/CMakeTmp

Run Build Command(s):/usr/bin/gmake cmTC_ce8a7/fast && /usr/bin/gmake  -f CMakeFiles/cmTC_ce8a7.dir/build.make CMakeFiles/cmTC_ce8a7.dir/build
gmake[1]: Entering directory '/home/pi/Documents/cyclonedds/application_build/CMakeFiles/CMakeTmp'
Building C object CMakeFiles/cmTC_ce8a7.dir/src.c.o
/usr/bin/cc   -DCOMPILER_HAS_DEPRECATED_ATTR -std=gnu99 -o CMakeFiles/cmTC_ce8a7.dir/src.c.o -c /home/pi/Documents/cyclonedds/application_build/CMakeFiles/CMakeTmp/src.c
/home/pi/Documents/cyclonedds/application_build/CMakeFiles/CMakeTmp/src.c: In function ‘main’:
/home/pi/Documents/cyclonedds/application_build/CMakeFiles/CMakeTmp/src.c:2:5: warning: ‘somefunc’ is deprecated [-Wdeprecated-declarations]
    2 |     int main() { return somefunc();}
      |     ^~~
/home/pi/Documents/cyclonedds/application_build/CMakeFiles/CMakeTmp/src.c:1:37: note: declared here
    1 | __attribute__((__deprecated__)) int somefunc() { return 0; }
      |                                     ^~~~~~~~
Linking C executable cmTC_ce8a7
/usr/bin/cmake -E cmake_link_script CMakeFiles/cmTC_ce8a7.dir/link.txt --verbose=1
/usr/bin/cc  -DCOMPILER_HAS_DEPRECATED_ATTR CMakeFiles/cmTC_ce8a7.dir/src.c.o -o cmTC_ce8a7 
gmake[1]: Leaving directory '/home/pi/Documents/cyclonedds/application_build/CMakeFiles/CMakeTmp'


Source file was:
__attribute__((__deprecated__)) int somefunc() { return 0; }
    int main() { return somefunc();}
Determining if the gethostname exist passed with the following output:
Change Dir: /home/pi/Documents/cyclonedds/application_build/CMakeFiles/CMakeTmp

Run Build Command(s):/usr/bin/gmake cmTC_07d5c/fast && /usr/bin/gmake  -f CMakeFiles/cmTC_07d5c.dir/build.make CMakeFiles/cmTC_07d5c.dir/build
gmake[1]: Entering directory '/home/pi/Documents/cyclonedds/application_build/CMakeFiles/CMakeTmp'
Building C object CMakeFiles/cmTC_07d5c.dir/CheckSymbolExists.c.o
/usr/bin/cc   -std=gnu99 -o CMakeFiles/cmTC_07d5c.dir/CheckSymbolExists.c.o -c /home/pi/Documents/cyclonedds/application_build/CMakeFiles/CMakeTmp/CheckSymbolExists.c
Linking C executable cmTC_07d5c
/usr/bin/cmake -E cmake_link_script CMakeFiles/cmTC_07d5c.dir/link.txt --verbose=1
/usr/bin/cc CMakeFiles/cmTC_07d5c.dir/CheckSymbolExists.c.o -o cmTC_07d5c 
gmake[1]: Leaving directory '/home/pi/Documents/cyclonedds/application_build/CMakeFiles/CMakeTmp'


File /home/pi/Documents/cyclonedds/application_build/CMakeFiles/CMakeTmp/CheckSymbolExists.c:
/* */
#include <unistd.h>

int main(int argc, char** argv)
{
  (void)argv;
#ifndef gethostname
  return ((int*)(&gethostname))[argc];
#else
  (void)argc;
  return 0;
#endif
}
Determining if the inet_ntop exist passed with the following output:
Change Dir: /home/pi/Documents/cyclonedds/application_build/CMakeFiles/CMakeTmp

Run Build Command(s):/usr/bin/gmake cmTC_601e6/fast && /usr/bin/gmake  -f CMakeFiles/cmTC_601e6.dir/build.make CMakeFiles/cmTC_601e6.dir/build
gmake[1]: Entering directory '/home/pi/Documents/cyclonedds/application_build/CMakeFiles/CMakeTmp'
Building C object CMakeFiles/cmTC_601e6.dir/CheckSymbolExists.c.o
/usr/bin/cc   -std=gnu99 -o CMakeFiles/cmTC_601e6.dir/CheckSymbolExists.c.o -c /home/pi/Documents/cyclonedds/application_build/CMakeFiles/CMakeTmp/CheckSymbolExists.c
Linking C executable cmTC_601e6
/usr/bin/cmake -E cmake_link_script CMakeFiles/cmTC_601e6.dir/link.txt --verbose=1
/usr/bin/cc CMakeFiles/cmTC_601e6.dir/CheckSymbolExists.c.o -o cmTC_601e6 
gmake[1]: Leaving directory '/home/pi/Documents/cyclonedds/application_build/CMakeFiles/CMakeTmp'


File /home/pi/Documents/cyclonedds/application_build/CMakeFiles/CMakeTmp/CheckSymbolExists.c:
/* */
#include <arpa/inet.h>

int main(int argc, char** argv)
{
  (void)argv;
#ifndef inet_ntop
  return ((int*)(&inet_ntop))[argc];
#else
  (void)argc;
  return 0;
#endif
}
Determining if the inet_pton exist passed with the following output:
Change Dir: /home/pi/Documents/cyclonedds/application_build/CMakeFiles/CMakeTmp

Run Build Command(s):/usr/bin/gmake cmTC_cd479/fast && /usr/bin/gmake  -f CMakeFiles/cmTC_cd479.dir/build.make CMakeFiles/cmTC_cd479.dir/build
gmake[1]: Entering directory '/home/pi/Documents/cyclonedds/application_build/CMakeFiles/CMakeTmp'
Building C object CMakeFiles/cmTC_cd479.dir/CheckSymbolExists.c.o
/usr/bin/cc   -std=gnu99 -o CMakeFiles/cmTC_cd479.dir/CheckSymbolExists.c.o -c /home/pi/Documents/cyclonedds/application_build/CMakeFiles/CMakeTmp/CheckSymbolExists.c
Linking C executable cmTC_cd479
/usr/bin/cmake -E cmake_link_script CMakeFiles/cmTC_cd479.dir/link.txt --verbose=1
/usr/bin/cc CMakeFiles/cmTC_cd479.dir/CheckSymbolExists.c.o -o cmTC_cd479 
gmake[1]: Leaving directory '/home/pi/Documents/cyclonedds/application_build/CMakeFiles/CMakeTmp'


File /home/pi/Documents/cyclonedds/application_build/CMakeFiles/CMakeTmp/CheckSymbolExists.c:
/* */
#include <arpa/inet.h>

int main(int argc, char** argv)
{
  (void)argv;
#ifndef inet_pton
  return ((int*)(&inet_pton))[argc];
#else
  (void)argc;
  return 0;
#endif
}
Determining if the getaddrinfo exist passed with the following output:
Change Dir: /home/pi/Documents/cyclonedds/application_build/CMakeFiles/CMakeTmp

Run Build Command(s):/usr/bin/gmake cmTC_72651/fast && /usr/bin/gmake  -f CMakeFiles/cmTC_72651.dir/build.make CMakeFiles/cmTC_72651.dir/build
gmake[1]: Entering directory '/home/pi/Documents/cyclonedds/application_build/CMakeFiles/CMakeTmp'
Building C object CMakeFiles/cmTC_72651.dir/CheckSymbolExists.c.o
/usr/bin/cc   -std=gnu99 -o CMakeFiles/cmTC_72651.dir/CheckSymbolExists.c.o -c /home/pi/Documents/cyclonedds/application_build/CMakeFiles/CMakeTmp/CheckSymbolExists.c
Linking C executable cmTC_72651
/usr/bin/cmake -E cmake_link_script CMakeFiles/cmTC_72651.dir/link.txt --verbose=1
/usr/bin/cc CMakeFiles/cmTC_72651.dir/CheckSymbolExists.c.o -o cmTC_72651 
gmake[1]: Leaving directory '/home/pi/Documents/cyclonedds/application_build/CMakeFiles/CMakeTmp'


File /home/pi/Documents/cyclonedds/application_build/CMakeFiles/CMakeTmp/CheckSymbolExists.c:
/* */
#include <netdb.h>

int main(int argc, char** argv)
{
  (void)argv;
#ifndef getaddrinfo
  return ((int*)(&getaddrinfo))[argc];
#else
  (void)argc;
  return 0;
#endif
}
Determining if the gethostbyname_r exist passed with the following output:
Change Dir: /home/pi/Documents/cyclonedds/application_build/CMakeFiles/CMakeTmp

Run Build Command(s):/usr/bin/gmake cmTC_1f6bc/fast && /usr/bin/gmake  -f CMakeFiles/cmTC_1f6bc.dir/build.make CMakeFiles/cmTC_1f6bc.dir/build
gmake[1]: Entering directory '/home/pi/Documents/cyclonedds/application_build/CMakeFiles/CMakeTmp'
Building C object CMakeFiles/cmTC_1f6bc.dir/CheckSymbolExists.c.o
/usr/bin/cc   -std=gnu99 -o CMakeFiles/cmTC_1f6bc.dir/CheckSymbolExists.c.o -c /home/pi/Documents/cyclonedds/application_build/CMakeFiles/CMakeTmp/CheckSymbolExists.c
Linking C executable cmTC_1f6bc
/usr/bin/cmake -E cmake_link_script CMakeFiles/cmTC_1f6bc.dir/link.txt --verbose=1
/usr/bin/cc CMakeFiles/cmTC_1f6bc.dir/CheckSymbolExists.c.o -o cmTC_1f6bc 
gmake[1]: Leaving directory '/home/pi/Documents/cyclonedds/application_build/CMakeFiles/CMakeTmp'


File /home/pi/Documents/cyclonedds/application_build/CMakeFiles/CMakeTmp/CheckSymbolExists.c:
/* */
#include <netdb.h>

int main(int argc, char** argv)
{
  (void)argv;
#ifndef gethostbyname_r
  return ((int*)(&gethostbyname_r))[argc];
#else
  (void)argc;
  return 0;
#endif
}
Determining size of struct sockaddr_in6 passed with the following output:
Change Dir: /home/pi/Documents/cyclonedds/application_build/CMakeFiles/CMakeTmp

Run Build Command(s):/usr/bin/gmake cmTC_4a997/fast && /usr/bin/gmake  -f CMakeFiles/cmTC_4a997.dir/build.make CMakeFiles/cmTC_4a997.dir/build
gmake[1]: Entering directory '/home/pi/Documents/cyclonedds/application_build/CMakeFiles/CMakeTmp'
Building C object CMakeFiles/cmTC_4a997.dir/SIZEOF_SOCKADDR_IN6.c.o
/usr/bin/cc   -std=gnu99 -o CMakeFiles/cmTC_4a997.dir/SIZEOF_SOCKADDR_IN6.c.o -c /home/pi/Documents/cyclonedds/application_build/CMakeFiles/CheckTypeSize/SIZEOF_SOCKADDR_IN6.c
Linking C executable cmTC_4a997
/usr/bin/cmake -E cmake_link_script CMakeFiles/cmTC_4a997.dir/link.txt --verbose=1
/usr/bin/cc CMakeFiles/cmTC_4a997.dir/SIZEOF_SOCKADDR_IN6.c.o -o cmTC_4a997 
gmake[1]: Leaving directory '/home/pi/Documents/cyclonedds/application_build/CMakeFiles/CMakeTmp'



Determining if the include file pthread.h exists passed with the following output:
Change Dir: /home/pi/Documents/cyclonedds/application_build/CMakeFiles/CMakeTmp

Run Build Command(s):/usr/bin/gmake cmTC_3a8a4/fast && /usr/bin/gmake  -f CMakeFiles/cmTC_3a8a4.dir/build.make CMakeFiles/cmTC_3a8a4.dir/build
gmake[1]: Entering directory '/home/pi/Documents/cyclonedds/application_build/CMakeFiles/CMakeTmp'
Building C object CMakeFiles/cmTC_3a8a4.dir/CheckIncludeFile.c.o
/usr/bin/cc   -std=gnu99 -o CMakeFiles/cmTC_3a8a4.dir/CheckIncludeFile.c.o -c /home/pi/Documents/cyclonedds/application_build/CMakeFiles/CMakeTmp/CheckIncludeFile.c
Linking C executable cmTC_3a8a4
/usr/bin/cmake -E cmake_link_script CMakeFiles/cmTC_3a8a4.dir/link.txt --verbose=1
/usr/bin/cc CMakeFiles/cmTC_3a8a4.dir/CheckIncludeFile.c.o -o cmTC_3a8a4 
gmake[1]: Leaving directory '/home/pi/Documents/cyclonedds/application_build/CMakeFiles/CMakeTmp'



Determining if the function pthread_create exists in the pthread passed with the following output:
Change Dir: /home/pi/Documents/cyclonedds/application_build/CMakeFiles/CMakeTmp

Run Build Command(s):/usr/bin/gmake cmTC_f2d1a/fast && /usr/bin/gmake  -f CMakeFiles/cmTC_f2d1a.dir/build.make CMakeFiles/cmTC_f2d1a.dir/build
gmake[1]: Entering directory '/home/pi/Documents/cyclonedds/application_build/CMakeFiles/CMakeTmp'
Building C object CMakeFiles/cmTC_f2d1a.dir/CheckFunctionExists.c.o
/usr/bin/cc   -DCHECK_FUNCTION_EXISTS=pthread_create -std=gnu99 -o CMakeFiles/cmTC_f2d1a.dir/CheckFunctionExists.c.o -c /usr/share/cmake-3.18/Modules/CheckFunctionExists.c
Linking C executable cmTC_f2d1a
/usr/bin/cmake -E cmake_link_script CMakeFiles/cmTC_f2d1a.dir/link.txt --verbose=1
/usr/bin/cc  -DCHECK_FUNCTION_EXISTS=pthread_create CMakeFiles/cmTC_f2d1a.dir/CheckFunctionExists.c.o -o cmTC_f2d1a  -lpthread 
gmake[1]: Leaving directory '/home/pi/Documents/cyclonedds/application_build/CMakeFiles/CMakeTmp'



Determining if the function clock_gettime exists in the c passed with the following output:
Change Dir: /home/pi/Documents/cyclonedds/application_build/CMakeFiles/CMakeTmp

Run Build Command(s):/usr/bin/gmake cmTC_f5c60/fast && /usr/bin/gmake  -f CMakeFiles/cmTC_f5c60.dir/build.make CMakeFiles/cmTC_f5c60.dir/build
gmake[1]: Entering directory '/home/pi/Documents/cyclonedds/application_build/CMakeFiles/CMakeTmp'
Building C object CMakeFiles/cmTC_f5c60.dir/CheckFunctionExists.c.o
/usr/bin/cc   -DCHECK_FUNCTION_EXISTS=clock_gettime -std=gnu99 -o CMakeFiles/cmTC_f5c60.dir/CheckFunctionExists.c.o -c /usr/share/cmake-3.18/Modules/CheckFunctionExists.c
Linking C executable cmTC_f5c60
/usr/bin/cmake -E cmake_link_script CMakeFiles/cmTC_f5c60.dir/link.txt --verbose=1
/usr/bin/cc  -DCHECK_FUNCTION_EXISTS=clock_gettime CMakeFiles/cmTC_f5c60.dir/CheckFunctionExists.c.o -o cmTC_f5c60  -lc 
gmake[1]: Leaving directory '/home/pi/Documents/cyclonedds/application_build/CMakeFiles/CMakeTmp'



